WG size of kernel 1 = 512, WG size of kernel 2= 4 X 4
Total Device found: 1
Device Name 		 - NVIDIA A30 MIG 1g.6gb 
**************************************
Total Global Memory			 - 6094848 KB
Shared memory available per block 	 - 48 KB
Number of registers per thread block 	 - 65536
Warp size in threads 			 - 32
Memory Pitch 				 - 2147483647 bytes
Maximum threads per block 		 - 1024
Maximum Thread Dimension (block) 	 - 1024 1024 64
Maximum Thread Dimension (grid) 	 - 2147483647 65535 65535
Total constant memory 			 - 65536 bytes
CUDA ver 				 - 8.0
Clock rate 				 - 1440000 KHz
Texture Alignment 			 - 512 bytes
Device Overlap 				 - Allowed
Number of Multi processors 		 - 14

Create matrix internally in parse, size = 2048 

Time total (including memory transfers)	2.510656 sec
Time for CUDA kernels:	2.419516 sec
WG size of kernel 1 = 512, WG size of kernel 2= 4 X 4
Total Device found: 1
Device Name 		 - NVIDIA A30 MIG 1g.6gb 
**************************************
Total Global Memory			 - 6094848 KB
Shared memory available per block 	 - 48 KB
Number of registers per thread block 	 - 65536
Warp size in threads 			 - 32
Memory Pitch 				 - 2147483647 bytes
Maximum threads per block 		 - 1024
Maximum Thread Dimension (block) 	 - 1024 1024 64
Maximum Thread Dimension (grid) 	 - 2147483647 65535 65535
Total constant memory 			 - 65536 bytes
CUDA ver 				 - 8.0
Clock rate 				 - 1440000 KHz
Texture Alignment 			 - 512 bytes
Device Overlap 				 - Allowed
Number of Multi processors 		 - 14

Create matrix internally in parse, size = 4096 

Time total (including memory transfers)	19.293345 sec
Time for CUDA kernels:	19.172114 sec
WG size of kernel 1 = 512, WG size of kernel 2= 4 X 4
Total Device found: 1
Device Name 		 - NVIDIA A30 MIG 2g.12gb 
**************************************
Total Global Memory			 - 12255232 KB
Shared memory available per block 	 - 48 KB
Number of registers per thread block 	 - 65536
Warp size in threads 			 - 32
Memory Pitch 				 - 2147483647 bytes
Maximum threads per block 		 - 1024
Maximum Thread Dimension (block) 	 - 1024 1024 64
Maximum Thread Dimension (grid) 	 - 2147483647 65535 65535
Total constant memory 			 - 65536 bytes
CUDA ver 				 - 8.0
Clock rate 				 - 1440000 KHz
Texture Alignment 			 - 512 bytes
Device Overlap 				 - Allowed
Number of Multi processors 		 - 28

Create matrix internally in parse, size = 2048 

Time total (including memory transfers)	1.345804 sec
Time for CUDA kernels:	1.238352 sec
WG size of kernel 1 = 512, WG size of kernel 2= 4 X 4
Total Device found: 1
Device Name 		 - NVIDIA A30 MIG 2g.12gb 
**************************************
Total Global Memory			 - 12255232 KB
Shared memory available per block 	 - 48 KB
Number of registers per thread block 	 - 65536
Warp size in threads 			 - 32
Memory Pitch 				 - 2147483647 bytes
Maximum threads per block 		 - 1024
Maximum Thread Dimension (block) 	 - 1024 1024 64
Maximum Thread Dimension (grid) 	 - 2147483647 65535 65535
Total constant memory 			 - 65536 bytes
CUDA ver 				 - 8.0
Clock rate 				 - 1440000 KHz
Texture Alignment 			 - 512 bytes
Device Overlap 				 - Allowed
Number of Multi processors 		 - 28

Create matrix internally in parse, size = 4096 

Time total (including memory transfers)	9.723027 sec
Time for CUDA kernels:	9.590778 sec
WG size of kernel 1 = 512, WG size of kernel 2= 4 X 4
Total Device found: 1
Device Name 		 - NVIDIA A30 MIG 4g.24gb 
**************************************
Total Global Memory			 - 24638656 KB
Shared memory available per block 	 - 48 KB
Number of registers per thread block 	 - 65536
Warp size in threads 			 - 32
Memory Pitch 				 - 2147483647 bytes
Maximum threads per block 		 - 1024
Maximum Thread Dimension (block) 	 - 1024 1024 64
Maximum Thread Dimension (grid) 	 - 2147483647 65535 65535
Total constant memory 			 - 65536 bytes
CUDA ver 				 - 8.0
Clock rate 				 - 1440000 KHz
Texture Alignment 			 - 512 bytes
Device Overlap 				 - Allowed
Number of Multi processors 		 - 56

Create matrix internally in parse, size = 2048 

Time total (including memory transfers)	0.781626 sec
Time for CUDA kernels:	0.644928 sec
WG size of kernel 1 = 512, WG size of kernel 2= 4 X 4
Total Device found: 1
Device Name 		 - NVIDIA A30 MIG 4g.24gb 
**************************************
Total Global Memory			 - 24638656 KB
Shared memory available per block 	 - 48 KB
Number of registers per thread block 	 - 65536
Warp size in threads 			 - 32
Memory Pitch 				 - 2147483647 bytes
Maximum threads per block 		 - 1024
Maximum Thread Dimension (block) 	 - 1024 1024 64
Maximum Thread Dimension (grid) 	 - 2147483647 65535 65535
Total constant memory 			 - 65536 bytes
CUDA ver 				 - 8.0
Clock rate 				 - 1440000 KHz
Texture Alignment 			 - 512 bytes
Device Overlap 				 - Allowed
Number of Multi processors 		 - 56

Create matrix internally in parse, size = 4096 

Time total (including memory transfers)	5.067745 sec
Time for CUDA kernels:	4.908888 sec
WG size of kernel 1 = 512, WG size of kernel 2= 4 X 4
Total Device found: 1
Device Name 		 - NVIDIA A30 MIG 1g.6gb 
**************************************
Total Global Memory			 - 6094848 KB
Shared memory available per block 	 - 48 KB
Number of registers per thread block 	 - 65536
Warp size in threads 			 - 32
Memory Pitch 				 - 2147483647 bytes
Maximum threads per block 		 - 1024
Maximum Thread Dimension (block) 	 - 1024 1024 64
Maximum Thread Dimension (grid) 	 - 2147483647 65535 65535
Total constant memory 			 - 65536 bytes
CUDA ver 				 - 8.0
Clock rate 				 - 1440000 KHz
Texture Alignment 			 - 512 bytes
Device Overlap 				 - Allowed
Number of Multi processors 		 - 14

Create matrix internally in parse, size = 2048 

Time total (including memory transfers)	2.545980 sec
Time for CUDA kernels:	2.440362 sec
pyramidHeight: 20
gridSize: [1000000]
border:[20]
blockSize: 256
blockGrid:[4630]
targetBlock:[216]
WG size of kernel 1 = 512, WG size of kernel 2= 4 X 4
Total Device found: 1
Device Name 		 - NVIDIA A30 MIG 1g.6gb 
**************************************
Total Global Memory			 - 6094848 KB
Shared memory available per block 	 - 48 KB
Number of registers per thread block 	 - 65536
Warp size in threads 			 - 32
Memory Pitch 				 - 2147483647 bytes
Maximum threads per block 		 - 1024
Maximum Thread Dimension (block) 	 - 1024 1024 64
Maximum Thread Dimension (grid) 	 - 2147483647 65535 65535
Total constant memory 			 - 65536 bytes
CUDA ver 				 - 8.0
Clock rate 				 - 1440000 KHz
Texture Alignment 			 - 512 bytes
Device Overlap 				 - Allowed
Number of Multi processors 		 - 14

Create matrix internally in parse, size = 4096 

Time total (including memory transfers)	19.431069 sec
Time for CUDA kernels:	19.286083 sec
WG size of kernel 1 = 512, WG size of kernel 2= 4 X 4
Total Device found: 1
Device Name 		 - NVIDIA A30 MIG 1g.6gb 
**************************************
Total Global Memory			 - 6094848 KB
Shared memory available per block 	 - 48 KB
Number of registers per thread block 	 - 65536
Warp size in threads 			 - 32
Memory Pitch 				 - 2147483647 bytes
Maximum threads per block 		 - 1024
Maximum Thread Dimension (block) 	 - 1024 1024 64
Maximum Thread Dimension (grid) 	 - 2147483647 65535 65535
Total constant memory 			 - 65536 bytes
CUDA ver 				 - 8.0
Clock rate 				 - 1440000 KHz
Texture Alignment 			 - 512 bytes
Device Overlap 				 - Allowed
Number of Multi processors 		 - 14

Create matrix internally in parse, size = 2048 

Time total (including memory transfers)	2.509151 sec
Time for CUDA kernels:	2.419293 sec
WG size of kernel 1 = 512, WG size of kernel 2= 4 X 4
Total Device found: 1
Device Name 		 - NVIDIA A30 MIG 1g.6gb 
**************************************
Total Global Memory			 - 6094848 KB
Shared memory available per block 	 - 48 KB
Number of registers per thread block 	 - 65536
Warp size in threads 			 - 32
Memory Pitch 				 - 2147483647 bytes
Maximum threads per block 		 - 1024
Maximum Thread Dimension (block) 	 - 1024 1024 64
Maximum Thread Dimension (grid) 	 - 2147483647 65535 65535
Total constant memory 			 - 65536 bytes
CUDA ver 				 - 8.0
Clock rate 				 - 1440000 KHz
Texture Alignment 			 - 512 bytes
Device Overlap 				 - Allowed
Number of Multi processors 		 - 14

Create matrix internally in parse, size = 4096 

Time total (including memory transfers)	19.294427 sec
Time for CUDA kernels:	19.171611 sec
WG size of kernel 1 = 512, WG size of kernel 2= 4 X 4
Total Device found: 1
Device Name 		 - NVIDIA A30 MIG 2g.12gb 
**************************************
Total Global Memory			 - 12255232 KB
Shared memory available per block 	 - 48 KB
Number of registers per thread block 	 - 65536
Warp size in threads 			 - 32
Memory Pitch 				 - 2147483647 bytes
Maximum threads per block 		 - 1024
Maximum Thread Dimension (block) 	 - 1024 1024 64
Maximum Thread Dimension (grid) 	 - 2147483647 65535 65535
Total constant memory 			 - 65536 bytes
CUDA ver 				 - 8.0
Clock rate 				 - 1440000 KHz
Texture Alignment 			 - 512 bytes
Device Overlap 				 - Allowed
Number of Multi processors 		 - 28

Create matrix internally in parse, size = 2048 

Time total (including memory transfers)	1.344391 sec
Time for CUDA kernels:	1.238013 sec
WG size of kernel 1 = 512, WG size of kernel 2= 4 X 4
Total Device found: 1
Device Name 		 - NVIDIA A30 MIG 2g.12gb 
**************************************
Total Global Memory			 - 12255232 KB
Shared memory available per block 	 - 48 KB
Number of registers per thread block 	 - 65536
Warp size in threads 			 - 32
Memory Pitch 				 - 2147483647 bytes
Maximum threads per block 		 - 1024
Maximum Thread Dimension (block) 	 - 1024 1024 64
Maximum Thread Dimension (grid) 	 - 2147483647 65535 65535
Total constant memory 			 - 65536 bytes
CUDA ver 				 - 8.0
Clock rate 				 - 1440000 KHz
Texture Alignment 			 - 512 bytes
Device Overlap 				 - Allowed
Number of Multi processors 		 - 28

Create matrix internally in parse, size = 4096 

Time total (including memory transfers)	9.721221 sec
Time for CUDA kernels:	9.590678 sec
WG size of kernel 1 = 512, WG size of kernel 2= 4 X 4
Total Device found: 1
Device Name 		 - NVIDIA A30 MIG 4g.24gb 
**************************************
Total Global Memory			 - 24638656 KB
Shared memory available per block 	 - 48 KB
Number of registers per thread block 	 - 65536
Warp size in threads 			 - 32
Memory Pitch 				 - 2147483647 bytes
Maximum threads per block 		 - 1024
Maximum Thread Dimension (block) 	 - 1024 1024 64
Maximum Thread Dimension (grid) 	 - 2147483647 65535 65535
Total constant memory 			 - 65536 bytes
CUDA ver 				 - 8.0
Clock rate 				 - 1440000 KHz
Texture Alignment 			 - 512 bytes
Device Overlap 				 - Allowed
Number of Multi processors 		 - 56

Create matrix internally in parse, size = 2048 

Time total (including memory transfers)	0.782320 sec
Time for CUDA kernels:	0.644929 sec
WG size of kernel 1 = 512, WG size of kernel 2= 4 X 4
Total Device found: 1
Device Name 		 - NVIDIA A30 MIG 4g.24gb 
**************************************
Total Global Memory			 - 24638656 KB
Shared memory available per block 	 - 48 KB
Number of registers per thread block 	 - 65536
Warp size in threads 			 - 32
Memory Pitch 				 - 2147483647 bytes
Maximum threads per block 		 - 1024
Maximum Thread Dimension (block) 	 - 1024 1024 64
Maximum Thread Dimension (grid) 	 - 2147483647 65535 65535
Total constant memory 			 - 65536 bytes
CUDA ver 				 - 8.0
Clock rate 				 - 1440000 KHz
Texture Alignment 			 - 512 bytes
Device Overlap 				 - Allowed
Number of Multi processors 		 - 56

Create matrix internally in parse, size = 4096 

Time total (including memory transfers)	5.067542 sec
Time for CUDA kernels:	4.908160 sec
WG size of kernel 1 = 512, WG size of kernel 2= 4 X 4
Total Device found: 1
Device Name 		 - NVIDIA A30 MIG 1g.6gb 
**************************************
Total Global Memory			 - 6094848 KB
Shared memory available per block 	 - 48 KB
Number of registers per thread block 	 - 65536
Warp size in threads 			 - 32
Memory Pitch 				 - 2147483647 bytes
Maximum threads per block 		 - 1024
Maximum Thread Dimension (block) 	 - 1024 1024 64
Maximum Thread Dimension (grid) 	 - 2147483647 65535 65535
Total constant memory 			 - 65536 bytes
CUDA ver 				 - 8.0
Clock rate 				 - 1440000 KHz
Texture Alignment 			 - 512 bytes
Device Overlap 				 - Allowed
Number of Multi processors 		 - 14

Create matrix internally in parse, size = 2048 

Time total (including memory transfers)	2.540124 sec
Time for CUDA kernels:	2.440791 sec
pyramidHeight: 20
gridSize: [1000000]
border:[20]
blockSize: 256
blockGrid:[4630]
targetBlock:[216]
WG size of kernel 1 = 512, WG size of kernel 2= 4 X 4
Total Device found: 1
Device Name 		 - NVIDIA A30 MIG 1g.6gb 
**************************************
Total Global Memory			 - 6094848 KB
Shared memory available per block 	 - 48 KB
Number of registers per thread block 	 - 65536
Warp size in threads 			 - 32
Memory Pitch 				 - 2147483647 bytes
Maximum threads per block 		 - 1024
Maximum Thread Dimension (block) 	 - 1024 1024 64
Maximum Thread Dimension (grid) 	 - 2147483647 65535 65535
Total constant memory 			 - 65536 bytes
CUDA ver 				 - 8.0
Clock rate 				 - 1440000 KHz
Texture Alignment 			 - 512 bytes
Device Overlap 				 - Allowed
Number of Multi processors 		 - 14

Create matrix internally in parse, size = 4096 

Time total (including memory transfers)	19.435012 sec
Time for CUDA kernels:	19.281306 sec
