CUDA initialized.
CUDA! Starting VLC Tests!
Parameters: num_elements: 262144, num_blocks: 1024, num_block_threads: 256
----------------------------
Time to generate:  0.9 ms

../../data/huffman/test1024_H2.206587175259.in, 1048576 bytes, entropy 2.206587

CPU Encoding time (CPU): 11.801000 (ms)
CPU Encoded to 291334 [B]
GPU Encoding time (SM64HUFF): 0.833926 (ms)
Num_blocks to be passed to scan is 1024.
Comparing vectors: 
PASS! vectors are matching!
CUDA initialized.
CUDA! Starting VLC Tests!
Parameters: num_elements: 262144, num_blocks: 1024, num_block_threads: 256
----------------------------
Time to generate:  0.9 ms

../../data/huffman/test1024_H2.206587175259.in, 1048576 bytes, entropy 2.206587

CPU Encoding time (CPU): 12.574000 (ms)
CPU Encoded to 291334 [B]
GPU Encoding time (SM64HUFF): 0.437850 (ms)
Num_blocks to be passed to scan is 1024.
Comparing vectors: 
PASS! vectors are matching!
CUDA initialized.
CUDA! Starting VLC Tests!
Parameters: num_elements: 262144, num_blocks: 1024, num_block_threads: 256
----------------------------
Time to generate:  0.9 ms

../../data/huffman/test1024_H2.206587175259.in, 1048576 bytes, entropy 2.206587

CPU Encoding time (CPU): 12.211000 (ms)
CPU Encoded to 291334 [B]
GPU Encoding time (SM64HUFF): 0.239846 (ms)
Num_blocks to be passed to scan is 1024.
Comparing vectors: 
PASS! vectors are matching!
CUDA initialized.
CUDA! Starting VLC Tests!
Parameters: num_elements: 262144, num_blocks: 1024, num_block_threads: 256
----------------------------
Time to generate:  0.9 ms

../../data/huffman/test1024_H2.206587175259.in, 1048576 bytes, entropy 2.206587

CPU Encoding time (CPU): 11.997000 (ms)
CPU Encoded to 291334 [B]
GPU Encoding time (SM64HUFF): 0.836253 (ms)
Num_blocks to be passed to scan is 1024.
Comparing vectors: 
PASS! vectors are matching!
CUDA initialized.
CUDA! Starting VLC Tests!
Parameters: num_elements: 262144, num_blocks: 1024, num_block_threads: 256
----------------------------
Time to generate:  0.9 ms

../../data/huffman/test1024_H2.206587175259.in, 1048576 bytes, entropy 2.206587

CPU Encoding time (CPU): 11.517000 (ms)
CPU Encoded to 291334 [B]
GPU Encoding time (SM64HUFF): 0.833757 (ms)
Num_blocks to be passed to scan is 1024.
Comparing vectors: 
PASS! vectors are matching!
CUDA initialized.
CUDA! Starting VLC Tests!
Parameters: num_elements: 262144, num_blocks: 1024, num_block_threads: 256
----------------------------
Time to generate:  0.9 ms

../../data/huffman/test1024_H2.206587175259.in, 1048576 bytes, entropy 2.206587

CPU Encoding time (CPU): 11.813000 (ms)
CPU Encoded to 291334 [B]
GPU Encoding time (SM64HUFF): 0.437379 (ms)
Num_blocks to be passed to scan is 1024.
Comparing vectors: 
PASS! vectors are matching!
CUDA initialized.
CUDA! Starting VLC Tests!
Parameters: num_elements: 262144, num_blocks: 1024, num_block_threads: 256
----------------------------
Time to generate:  0.8 ms

../../data/huffman/test1024_H2.206587175259.in, 1048576 bytes, entropy 2.206587

CPU Encoding time (CPU): 11.372000 (ms)
CPU Encoded to 291334 [B]
GPU Encoding time (SM64HUFF): 0.239626 (ms)
Num_blocks to be passed to scan is 1024.
Comparing vectors: 
PASS! vectors are matching!
CUDA initialized.
CUDA! Starting VLC Tests!
Parameters: num_elements: 262144, num_blocks: 1024, num_block_threads: 256
----------------------------
Time to generate:  1.0 ms

../../data/huffman/test1024_H2.206587175259.in, 1048576 bytes, entropy 2.206587

CPU Encoding time (CPU): 12.899000 (ms)
CPU Encoded to 291334 [B]
GPU Encoding time (SM64HUFF): 0.834278 (ms)
Num_blocks to be passed to scan is 1024.
Comparing vectors: 
PASS! vectors are matching!
