thread block size of kernel = 128 
Configuration used: boxes1d = 100
Cuda error: Start: invalid argument.
thread block size of kernel = 128 
Configuration used: boxes1d = 100
Time spent in different stages of GPU_CUDA KERNEL:
 0.207949995995 s,  1.906397223473 % : GPU: SET DEVICE / DRIVER INIT
 0.005222000182 s,  0.047873076051 % : GPU MEM: ALO
 0.684975981712 s,  6.279569149017 % : GPU MEM: COPY IN
 9.166986465454 s, 84.039031982422 % : GPU: KERNEL
 0.833396971226 s,  7.640229225159 % : GPU MEM: COPY OUT
 0.009479000233 s,  0.086899444461 % : GPU MEM: FRE
Total time:
10.908009529114 s
thread block size of kernel = 128 
Configuration used: boxes1d = 100
Time spent in different stages of GPU_CUDA KERNEL:
 0.274008005857 s,  4.552260875702 % : GPU: SET DEVICE / DRIVER INIT
 0.005828999914 s,  0.096840709448 % : GPU MEM: ALO
 0.680181980133 s, 11.300275802612 % : GPU MEM: COPY IN
 4.617723941803 s, 76.717041015625 % : GPU: KERNEL
 0.436688989401 s,  7.254979133606 % : GPU MEM: COPY OUT
 0.004730999935 s,  0.078598968685 % : GPU MEM: FRE
Total time:
6.019163131714 s
INFO: INFO: Instance(start=Instance(start=3, size=1) has been created
INFO: Start task pathfinder at 0.590366s
2, size=1) has been created
INFO: Start task gaussian at 0.590387s
INFO: End task pathfinder at 19.197845s
INFO: Start task lu at 19.197869s
thread block size of kernel = 128 
Configuration used: boxes1d = 100
Time spent in different stages of GPU_CUDA KERNEL:
 0.154096007347 s,  1.472703576088 % : GPU: SET DEVICE / DRIVER INIT
 0.005739000160 s,  0.054847925901 % : GPU MEM: ALO
 0.677757978439 s,  6.477368831635 % : GPU MEM: COPY IN
 9.156933784485 s, 87.513298034668 % : GPU: KERNEL
 0.459491997957 s,  4.391389369965 % : GPU MEM: COPY OUT
 0.009457999840 s,  0.090390600264 % : GPU MEM: FRE
Total time:
10.463477134705 s
INFO: End task lu at 27.239855s
INFO: MIG has been deactivated
thread block size of kernel = 128 
Configuration used: boxes1d = 100
Cuda error: Start: invalid argument.
thread block size of kernel = 128 
Configuration used: boxes1d = 100
Time spent in different stages of GPU_CUDA KERNEL:
 0.204496994615 s,  1.944550275803 % : GPU: SET DEVICE / DRIVER INIT
 0.005549000110 s,  0.052765123546 % : GPU MEM: ALO
 0.683221995831 s,  6.496719360352 % : GPU MEM: COPY IN
 9.149577140808 s, 87.002807617188 % : GPU: KERNEL
 0.464125990868 s,  4.413347721100 % : GPU MEM: COPY OUT
 0.009445000440 s,  0.089811965823 % : GPU MEM: FRE
Total time:
10.516415596008 s
thread block size of kernel = 128 
Configuration used: boxes1d = 100
Time spent in different stages of GPU_CUDA KERNEL:
 0.273034006357 s,  4.527264595032 % : GPU: SET DEVICE / DRIVER INIT
 0.005896999966 s,  0.097780056298 % : GPU MEM: ALO
 0.676092982292 s, 11.210515975952 % : GPU MEM: COPY IN
 4.603993892670 s, 76.340309143066 % : GPU: KERNEL
 0.467442005873 s,  7.750806808472 % : GPU MEM: COPY OUT
 0.004422000144 s,  0.073322609067 % : GPU MEM: FRE
Total time:
6.030881881714 s
INFO: Instance(start=INFO: Instance(start=3, size=1)2 has been created
INFO: Start task pathfinder at 0.564972s
, size=1) has been created
INFO: Start task gaussian at 0.564995s
INFO: End task pathfinder at 19.319295s
INFO: Start task lu at 19.319317s
thread block size of kernel = 128 
Configuration used: boxes1d = 100
Time spent in different stages of GPU_CUDA KERNEL:
 0.146338999271 s,  1.398865461349 % : GPU: SET DEVICE / DRIVER INIT
 0.004970999900 s,  0.047518160194 % : GPU MEM: ALO
 0.689390003681 s,  6.589930534363 % : GPU MEM: COPY IN
 9.152087211609 s, 87.485488891602 % : GPU: KERNEL
 0.458631992340 s,  4.384098052979 % : GPU MEM: COPY OUT
 0.009844000451 s,  0.094099536538 % : GPU MEM: FRE
Total time:
10.461262702942 s
INFO: End task lu at 26.966253s
INFO: MIG has been deactivated
