VIDEO SEQUENCE TOOK 0.009516
TIME TO GET NEIGHBORS TOOK: 0.000001
TIME TO GET WEIGHTSTOOK: 0.000243
TIME TO SET ERROR TOOK: 0.007098
TIME TO GET LIKELIHOODS TOOK: 0.019944
TIME TO GET EXP TOOK: 0.000453
TIME TO SUM WEIGHTS TOOK: 0.000119
TIME TO NORMALIZE WEIGHTS TOOK: 0.000072
TIME TO MOVE OBJECT TOOK: 0.000122
XE: 64.502837
YE: 64.462012
0.682862
TIME TO CALC CUM SUM TOOK: 0.000336
TIME TO CALC U TOOK: 0.000267
SENDING TO GPU TOOK: 0.000764
CUDA EXEC TOOK: 0.027029
SENDING BACK FROM GPU TOOK: 0.001083
TIME TO CALC NEW ARRAY X AND Y TOOK: 0.028879
TIME TO RESET WEIGHTS TOOK: 0.000169
TIME TO SET ERROR TOOK: 0.007121
TIME TO GET LIKELIHOODS TOOK: 0.020437
TIME TO GET EXP TOOK: 0.000446
TIME TO SUM WEIGHTS TOOK: 0.000121
TIME TO NORMALIZE WEIGHTS TOOK: 0.000061
TIME TO MOVE OBJECT TOOK: 0.000122
XE: 62.514036
YE: 65.448740
2.075316
TIME TO CALC CUM SUM TOOK: 0.000123
TIME TO CALC U TOOK: 0.000061
SENDING TO GPU TOOK: 0.000553
CUDA EXEC TOOK: 0.026096
SENDING BACK FROM GPU TOOK: 0.000362
TIME TO CALC NEW ARRAY X AND Y TOOK: 0.027012
TIME TO RESET WEIGHTS TOOK: 0.000164
TIME TO SET ERROR TOOK: 0.006744
TIME TO GET LIKELIHOODS TOOK: 0.019765
TIME TO GET EXP TOOK: 0.000445
TIME TO SUM WEIGHTS TOOK: 0.000118
TIME TO NORMALIZE WEIGHTS TOOK: 0.000059
TIME TO MOVE OBJECT TOOK: 0.000118
XE: 60.492989
YE: 66.439754
4.272181
TIME TO CALC CUM SUM TOOK: 0.000119
TIME TO CALC U TOOK: 0.000060
SENDING TO GPU TOOK: 0.000532
CUDA EXEC TOOK: 0.027150
SENDING BACK FROM GPU TOOK: 0.000361
TIME TO CALC NEW ARRAY X AND Y TOOK: 0.028044
TIME TO RESET WEIGHTS TOOK: 0.000164
TIME TO SET ERROR TOOK: 0.007015
TIME TO GET LIKELIHOODS TOOK: 0.019713
TIME TO GET EXP TOOK: 0.000454
TIME TO SUM WEIGHTS TOOK: 0.000122
TIME TO NORMALIZE WEIGHTS TOOK: 0.000061
TIME TO MOVE OBJECT TOOK: 0.000121
XE: 58.509149
YE: 67.453519
6.486620
TIME TO CALC CUM SUM TOOK: 0.000123
TIME TO CALC U TOOK: 0.000061
SENDING TO GPU TOOK: 0.000511
CUDA EXEC TOOK: 0.027333
SENDING BACK FROM GPU TOOK: 0.000384
TIME TO CALC NEW ARRAY X AND Y TOOK: 0.028230
TIME TO RESET WEIGHTS TOOK: 0.000166
TIME TO SET ERROR TOOK: 0.007093
TIME TO GET LIKELIHOODS TOOK: 0.019696
TIME TO GET EXP TOOK: 0.000444
TIME TO SUM WEIGHTS TOOK: 0.000118
TIME TO NORMALIZE WEIGHTS TOOK: 0.000060
TIME TO MOVE OBJECT TOOK: 0.000118
XE: 56.537534
YE: 68.435232
8.680996
TIME TO CALC CUM SUM TOOK: 0.000119
TIME TO CALC U TOOK: 0.000059
SENDING TO GPU TOOK: 0.000483
CUDA EXEC TOOK: 0.026654
SENDING BACK FROM GPU TOOK: 0.000280
TIME TO CALC NEW ARRAY X AND Y TOOK: 0.027419
TIME TO RESET WEIGHTS TOOK: 0.000165
TIME TO SET ERROR TOOK: 0.007231
TIME TO GET LIKELIHOODS TOOK: 0.019702
TIME TO GET EXP TOOK: 0.000442
TIME TO SUM WEIGHTS TOOK: 0.000118
TIME TO NORMALIZE WEIGHTS TOOK: 0.000064
TIME TO MOVE OBJECT TOOK: 0.000119
XE: 54.509674
YE: 69.443253
10.940535
TIME TO CALC CUM SUM TOOK: 0.000119
TIME TO CALC U TOOK: 0.000059
SENDING TO GPU TOOK: 0.000490
CUDA EXEC TOOK: 0.027414
SENDING BACK FROM GPU TOOK: 0.000396
TIME TO CALC NEW ARRAY X AND Y TOOK: 0.028301
TIME TO RESET WEIGHTS TOOK: 0.000165
TIME TO SET ERROR TOOK: 0.006949
TIME TO GET LIKELIHOODS TOOK: 0.020528
TIME TO GET EXP TOOK: 0.000443
TIME TO SUM WEIGHTS TOOK: 0.000118
TIME TO NORMALIZE WEIGHTS TOOK: 0.000059
TIME TO MOVE OBJECT TOOK: 0.000118
XE: 52.503767
YE: 70.437284
13.175811
TIME TO CALC CUM SUM TOOK: 0.000119
TIME TO CALC U TOOK: 0.000059
SENDING TO GPU TOOK: 0.000491
CUDA EXEC TOOK: 0.026222
SENDING BACK FROM GPU TOOK: 0.000306
TIME TO CALC NEW ARRAY X AND Y TOOK: 0.027022
TIME TO RESET WEIGHTS TOOK: 0.000164
TIME TO SET ERROR TOOK: 0.007284
TIME TO GET LIKELIHOODS TOOK: 0.019715
TIME TO GET EXP TOOK: 0.000442
TIME TO SUM WEIGHTS TOOK: 0.000118
TIME TO NORMALIZE WEIGHTS TOOK: 0.000059
TIME TO MOVE OBJECT TOOK: 0.000121
XE: 50.517720
YE: 71.436202
15.397044
TIME TO CALC CUM SUM TOOK: 0.000119
TIME TO CALC U TOOK: 0.000059
SENDING TO GPU TOOK: 0.000486
CUDA EXEC TOOK: 0.026498
SENDING BACK FROM GPU TOOK: 0.000360
TIME TO CALC NEW ARRAY X AND Y TOOK: 0.027346
TIME TO RESET WEIGHTS TOOK: 0.000163
TIME TO SET ERROR TOOK: 0.007288
TIME TO GET LIKELIHOODS TOOK: 0.019702
TIME TO GET EXP TOOK: 0.000442
TIME TO SUM WEIGHTS TOOK: 0.000118
TIME TO NORMALIZE WEIGHTS TOOK: 0.000059
TIME TO MOVE OBJECT TOOK: 0.000118
XE: 48.507719
YE: 72.429192
17.636951
TIME TO CALC CUM SUM TOOK: 0.000119
TIME TO CALC U TOOK: 0.000059
SENDING TO GPU TOOK: 0.000494
CUDA EXEC TOOK: 0.025258
SENDING BACK FROM GPU TOOK: 0.000306
TIME TO CALC NEW ARRAY X AND Y TOOK: 0.026061
TIME TO RESET WEIGHTS TOOK: 0.000163
PARTICLE FILTER TOOK 0.621244
ENTIRE PROGRAM TOOK 0.630760
VIDEO SEQUENCE TOOK 0.009390
TIME TO SEND TO GPU: 0.000438
GPU Execution: 0.341474
FREE TIME: 0.001017
TIME TO SEND BACK: 0.002203
SEND ARRAY X BACK: 0.000528
SEND ARRAY Y BACK: 0.000466
SEND WEIGHTS BACK: 0.000192
XE: 48.518886
YE: 72.448299
17.636288
PARTICLE FILTER TOOK 0.458145
ENTIRE PROGRAM TOOK 0.467535
VIDEO SEQUENCE TOOK 0.009148
TIME TO GET NEIGHBORS TOOK: 0.000001
TIME TO GET WEIGHTSTOOK: 0.000247
TIME TO SET ERROR TOOK: 0.007140
TIME TO GET LIKELIHOODS TOOK: 0.019995
TIME TO GET EXP TOOK: 0.000453
TIME TO SUM WEIGHTS TOOK: 0.000118
TIME TO NORMALIZE WEIGHTS TOOK: 0.000060
TIME TO MOVE OBJECT TOOK: 0.000123
XE: 64.511149
YE: 64.443428
0.676685
TIME TO CALC CUM SUM TOOK: 0.000347
TIME TO CALC U TOOK: 0.000291
SENDING TO GPU TOOK: 0.000759
CUDA EXEC TOOK: 0.015957
SENDING BACK FROM GPU TOOK: 0.001079
TIME TO CALC NEW ARRAY X AND Y TOOK: 0.017797
TIME TO RESET WEIGHTS TOOK: 0.000166
TIME TO SET ERROR TOOK: 0.006896
TIME TO GET LIKELIHOODS TOOK: 0.019733
TIME TO GET EXP TOOK: 0.000457
TIME TO SUM WEIGHTS TOOK: 0.000122
TIME TO NORMALIZE WEIGHTS TOOK: 0.000061
TIME TO MOVE OBJECT TOOK: 0.000122
XE: 62.482688
YE: 65.416402
2.075676
TIME TO CALC CUM SUM TOOK: 0.000123
TIME TO CALC U TOOK: 0.000061
SENDING TO GPU TOOK: 0.000553
CUDA EXEC TOOK: 0.015467
SENDING BACK FROM GPU TOOK: 0.000360
TIME TO CALC NEW ARRAY X AND Y TOOK: 0.016383
TIME TO RESET WEIGHTS TOOK: 0.000163
TIME TO SET ERROR TOOK: 0.007143
TIME TO GET LIKELIHOODS TOOK: 0.020124
TIME TO GET EXP TOOK: 0.000456
TIME TO SUM WEIGHTS TOOK: 0.000118
TIME TO NORMALIZE WEIGHTS TOOK: 0.000059
TIME TO MOVE OBJECT TOOK: 0.000118
XE: 60.518877
YE: 66.408319
4.232992
TIME TO CALC CUM SUM TOOK: 0.000119
TIME TO CALC U TOOK: 0.000060
SENDING TO GPU TOOK: 0.000514
CUDA EXEC TOOK: 0.015630
SENDING BACK FROM GPU TOOK: 0.000322
TIME TO CALC NEW ARRAY X AND Y TOOK: 0.016468
TIME TO RESET WEIGHTS TOOK: 0.000164
TIME TO SET ERROR TOOK: 0.007385
TIME TO GET LIKELIHOODS TOOK: 0.019732
TIME TO GET EXP TOOK: 0.000443
TIME TO SUM WEIGHTS TOOK: 0.000118
TIME TO NORMALIZE WEIGHTS TOOK: 0.000059
TIME TO MOVE OBJECT TOOK: 0.000118
XE: 58.490999
YE: 67.437319
6.493401
TIME TO CALC CUM SUM TOOK: 0.000119
TIME TO CALC U TOOK: 0.000059
SENDING TO GPU TOOK: 0.000492
CUDA EXEC TOOK: 0.015434
SENDING BACK FROM GPU TOOK: 0.000356
TIME TO CALC NEW ARRAY X AND Y TOOK: 0.016285
TIME TO RESET WEIGHTS TOOK: 0.000163
TIME TO SET ERROR TOOK: 0.006963
TIME TO GET LIKELIHOODS TOOK: 0.019948
TIME TO GET EXP TOOK: 0.000465
TIME TO SUM WEIGHTS TOOK: 0.000121
TIME TO NORMALIZE WEIGHTS TOOK: 0.000061
TIME TO MOVE OBJECT TOOK: 0.000122
XE: 56.517808
YE: 68.431725
8.696171
TIME TO CALC CUM SUM TOOK: 0.000123
TIME TO CALC U TOOK: 0.000061
SENDING TO GPU TOOK: 0.000505
CUDA EXEC TOOK: 0.015408
SENDING BACK FROM GPU TOOK: 0.000381
TIME TO CALC NEW ARRAY X AND Y TOOK: 0.016295
TIME TO RESET WEIGHTS TOOK: 0.000163
TIME TO SET ERROR TOOK: 0.007022
TIME TO GET LIKELIHOODS TOOK: 0.019723
TIME TO GET EXP TOOK: 0.000443
TIME TO SUM WEIGHTS TOOK: 0.000118
TIME TO NORMALIZE WEIGHTS TOOK: 0.000062
TIME TO MOVE OBJECT TOOK: 0.000118
XE: 54.507397
YE: 69.444820
10.943289
TIME TO CALC CUM SUM TOOK: 0.000119
TIME TO CALC U TOOK: 0.000059
SENDING TO GPU TOOK: 0.000484
CUDA EXEC TOOK: 0.015967
SENDING BACK FROM GPU TOOK: 0.000384
TIME TO CALC NEW ARRAY X AND Y TOOK: 0.016837
TIME TO RESET WEIGHTS TOOK: 0.000162
TIME TO SET ERROR TOOK: 0.006981
TIME TO GET LIKELIHOODS TOOK: 0.020093
TIME TO GET EXP TOOK: 0.000502
TIME TO SUM WEIGHTS TOOK: 0.000133
TIME TO NORMALIZE WEIGHTS TOOK: 0.000067
TIME TO MOVE OBJECT TOOK: 0.000134
XE: 52.523034
YE: 70.435420
13.158092
TIME TO CALC CUM SUM TOOK: 0.000135
TIME TO CALC U TOOK: 0.000067
SENDING TO GPU TOOK: 0.000498
CUDA EXEC TOOK: 0.015686
SENDING BACK FROM GPU TOOK: 0.000326
TIME TO CALC NEW ARRAY X AND Y TOOK: 0.016513
TIME TO RESET WEIGHTS TOOK: 0.000165
TIME TO SET ERROR TOOK: 0.007576
TIME TO GET LIKELIHOODS TOOK: 0.021822
TIME TO GET EXP TOOK: 0.000499
TIME TO SUM WEIGHTS TOOK: 0.000125
TIME TO NORMALIZE WEIGHTS TOOK: 0.000063
TIME TO MOVE OBJECT TOOK: 0.000125
XE: 50.520364
YE: 71.436028
15.394645
TIME TO CALC CUM SUM TOOK: 0.000127
TIME TO CALC U TOOK: 0.000063
SENDING TO GPU TOOK: 0.000489
CUDA EXEC TOOK: 0.015067
SENDING BACK FROM GPU TOOK: 0.000414
TIME TO CALC NEW ARRAY X AND Y TOOK: 0.015972
TIME TO RESET WEIGHTS TOOK: 0.000165
TIME TO SET ERROR TOOK: 0.007334
TIME TO GET LIKELIHOODS TOOK: 0.021837
TIME TO GET EXP TOOK: 0.000502
TIME TO SUM WEIGHTS TOOK: 0.000134
TIME TO NORMALIZE WEIGHTS TOOK: 0.000067
TIME TO MOVE OBJECT TOOK: 0.000136
XE: 48.535278
YE: 72.433308
17.614719
TIME TO CALC CUM SUM TOOK: 0.000135
TIME TO CALC U TOOK: 0.000067
SENDING TO GPU TOOK: 0.000496
CUDA EXEC TOOK: 0.014988
SENDING BACK FROM GPU TOOK: 0.000366
TIME TO CALC NEW ARRAY X AND Y TOOK: 0.015853
TIME TO RESET WEIGHTS TOOK: 0.000165
PARTICLE FILTER TOOK 0.543814
ENTIRE PROGRAM TOOK 0.552962
VIDEO SEQUENCE TOOK 0.009544
TIME TO SEND TO GPU: 0.000444
GPU Execution: 0.225387
FREE TIME: 0.001010
TIME TO SEND BACK: 0.002196
SEND ARRAY X BACK: 0.000524
SEND ARRAY Y BACK: 0.000473
SEND WEIGHTS BACK: 0.000189
XE: 48.510124
YE: 72.438122
17.639109
PARTICLE FILTER TOOK 0.363971
ENTIRE PROGRAM TOOK 0.373515
VIDEO SEQUENCE TOOK 0.009017
TIME TO GET NEIGHBORS TOOK: 0.000001
TIME TO GET WEIGHTSTOOK: 0.000238
TIME TO SET ERROR TOOK: 0.007391
TIME TO GET LIKELIHOODS TOOK: 0.020054
TIME TO GET EXP TOOK: 0.000452
TIME TO SUM WEIGHTS TOOK: 0.000118
TIME TO NORMALIZE WEIGHTS TOOK: 0.000059
TIME TO MOVE OBJECT TOOK: 0.000123
XE: 64.498839
YE: 64.428947
0.657903
TIME TO CALC CUM SUM TOOK: 0.000337
TIME TO CALC U TOOK: 0.000266
SENDING TO GPU TOOK: 0.000779
CUDA EXEC TOOK: 0.010833
SENDING BACK FROM GPU TOOK: 0.001112
TIME TO CALC NEW ARRAY X AND Y TOOK: 0.012727
TIME TO RESET WEIGHTS TOOK: 0.000174
TIME TO SET ERROR TOOK: 0.006596
TIME TO GET LIKELIHOODS TOOK: 0.020111
TIME TO GET EXP TOOK: 0.000471
TIME TO SUM WEIGHTS TOOK: 0.000125
TIME TO NORMALIZE WEIGHTS TOOK: 0.000063
TIME TO MOVE OBJECT TOOK: 0.000126
XE: 62.504453
YE: 65.435667
2.073114
TIME TO CALC CUM SUM TOOK: 0.000127
TIME TO CALC U TOOK: 0.000063
SENDING TO GPU TOOK: 0.000565
CUDA EXEC TOOK: 0.010760
SENDING BACK FROM GPU TOOK: 0.000329
TIME TO CALC NEW ARRAY X AND Y TOOK: 0.011656
TIME TO RESET WEIGHTS TOOK: 0.000168
TIME TO SET ERROR TOOK: 0.007504
TIME TO GET LIKELIHOODS TOOK: 0.019734
TIME TO GET EXP TOOK: 0.000443
TIME TO SUM WEIGHTS TOOK: 0.000118
TIME TO NORMALIZE WEIGHTS TOOK: 0.000059
TIME TO MOVE OBJECT TOOK: 0.000119
XE: 60.551400
YE: 66.444471
4.227089
TIME TO CALC CUM SUM TOOK: 0.000119
TIME TO CALC U TOOK: 0.000059
SENDING TO GPU TOOK: 0.000520
CUDA EXEC TOOK: 0.010668
SENDING BACK FROM GPU TOOK: 0.000444
TIME TO CALC NEW ARRAY X AND Y TOOK: 0.011633
TIME TO RESET WEIGHTS TOOK: 0.000169
TIME TO SET ERROR TOOK: 0.007293
TIME TO GET LIKELIHOODS TOOK: 0.019740
TIME TO GET EXP TOOK: 0.000442
TIME TO SUM WEIGHTS TOOK: 0.000119
TIME TO NORMALIZE WEIGHTS TOOK: 0.000059
TIME TO MOVE OBJECT TOOK: 0.000118
XE: 58.504652
YE: 67.416179
6.470636
TIME TO CALC CUM SUM TOOK: 0.000119
TIME TO CALC U TOOK: 0.000059
SENDING TO GPU TOOK: 0.000526
CUDA EXEC TOOK: 0.010774
SENDING BACK FROM GPU TOOK: 0.000359
TIME TO CALC NEW ARRAY X AND Y TOOK: 0.011661
TIME TO RESET WEIGHTS TOOK: 0.000167
TIME TO SET ERROR TOOK: 0.006960
TIME TO GET LIKELIHOODS TOOK: 0.019744
TIME TO GET EXP TOOK: 0.000443
TIME TO SUM WEIGHTS TOOK: 0.000118
TIME TO NORMALIZE WEIGHTS TOOK: 0.000059
TIME TO MOVE OBJECT TOOK: 0.000118
XE: 56.503704
YE: 68.457555
8.721482
TIME TO CALC CUM SUM TOOK: 0.000119
TIME TO CALC U TOOK: 0.000060
SENDING TO GPU TOOK: 0.000509
CUDA EXEC TOOK: 0.010778
SENDING BACK FROM GPU TOOK: 0.000356
TIME TO CALC NEW ARRAY X AND Y TOOK: 0.011645
TIME TO RESET WEIGHTS TOOK: 0.000167
TIME TO SET ERROR TOOK: 0.006746
TIME TO GET LIKELIHOODS TOOK: 0.019725
TIME TO GET EXP TOOK: 0.000449
TIME TO SUM WEIGHTS TOOK: 0.000118
TIME TO NORMALIZE WEIGHTS TOOK: 0.000062
TIME TO MOVE OBJECT TOOK: 0.000118
XE: 54.521683
YE: 69.463473
10.940202
TIME TO CALC CUM SUM TOOK: 0.000119
TIME TO CALC U TOOK: 0.000059
SENDING TO GPU TOOK: 0.000500
CUDA EXEC TOOK: 0.010777
SENDING BACK FROM GPU TOOK: 0.000384
TIME TO CALC NEW ARRAY X AND Y TOOK: 0.011663
TIME TO RESET WEIGHTS TOOK: 0.000167
TIME TO SET ERROR TOOK: 0.007232
TIME TO GET LIKELIHOODS TOOK: 0.020156
TIME TO GET EXP TOOK: 0.000491
TIME TO SUM WEIGHTS TOOK: 0.000125
TIME TO NORMALIZE WEIGHTS TOOK: 0.000063
TIME TO MOVE OBJECT TOOK: 0.000126
XE: 52.511762
YE: 70.463974
13.181904
TIME TO CALC CUM SUM TOOK: 0.000127
TIME TO CALC U TOOK: 0.000063
SENDING TO GPU TOOK: 0.000503
CUDA EXEC TOOK: 0.010743
SENDING BACK FROM GPU TOOK: 0.000374
TIME TO CALC NEW ARRAY X AND Y TOOK: 0.011621
TIME TO RESET WEIGHTS TOOK: 0.000168
TIME TO SET ERROR TOOK: 0.007107
TIME TO GET LIKELIHOODS TOOK: 0.019830
TIME TO GET EXP TOOK: 0.000442
TIME TO SUM WEIGHTS TOOK: 0.000118
TIME TO NORMALIZE WEIGHTS TOOK: 0.000060
TIME TO MOVE OBJECT TOOK: 0.000118
XE: 50.490452
YE: 71.430036
15.417955
TIME TO CALC CUM SUM TOOK: 0.000119
TIME TO CALC U TOOK: 0.000059
SENDING TO GPU TOOK: 0.000507
CUDA EXEC TOOK: 0.010782
SENDING BACK FROM GPU TOOK: 0.000373
TIME TO CALC NEW ARRAY X AND Y TOOK: 0.011665
TIME TO RESET WEIGHTS TOOK: 0.000167
TIME TO SET ERROR TOOK: 0.006304
TIME TO GET LIKELIHOODS TOOK: 0.019728
TIME TO GET EXP TOOK: 0.000443
TIME TO SUM WEIGHTS TOOK: 0.000118
TIME TO NORMALIZE WEIGHTS TOOK: 0.000059
TIME TO MOVE OBJECT TOOK: 0.000118
XE: 48.520315
YE: 72.438263
17.630228
TIME TO CALC CUM SUM TOOK: 0.000122
TIME TO CALC U TOOK: 0.000059
SENDING TO GPU TOOK: 0.000507
CUDA EXEC TOOK: 0.010783
SENDING BACK FROM GPU TOOK: 0.000408
TIME TO CALC NEW ARRAY X AND Y TOOK: 0.011700
TIME TO RESET WEIGHTS TOOK: 0.000168
PARTICLE FILTER TOOK 0.541485
ENTIRE PROGRAM TOOK 0.550502
VIDEO SEQUENCE TOOK 0.009282
TIME TO SEND TO GPU: 0.000434
GPU Execution: 0.170359
FREE TIME: 0.000199
TIME TO SEND BACK: 0.001470
SEND ARRAY X BACK: 0.000556
SEND ARRAY Y BACK: 0.000501
SEND WEIGHTS BACK: 0.000214
XE: 48.520138
YE: 72.425526
17.624290
PARTICLE FILTER TOOK 0.354290
ENTIRE PROGRAM TOOK 0.363572
INFO: Instance(start=1, size=1) has been created
INFO: Start task heartwall at 21.927918s
VIDEO SEQUENCE TOOK 0.009868
TIME TO GET NEIGHBORS TOOK: 0.000001
TIME TO GET WEIGHTSTOOK: 0.000243
TIME TO SET ERROR TOOK: 0.008332
TIME TO GET LIKELIHOODS TOOK: 0.022152
TIME TO GET EXP TOOK: 0.000511
TIME TO SUM WEIGHTS TOOK: 0.000129
TIME TO NORMALIZE WEIGHTS TOOK: 0.000063
TIME TO MOVE OBJECT TOOK: 0.000135
XE: 64.503456
YE: 64.448138
0.674015
TIME TO CALC CUM SUM TOOK: 0.000355
TIME TO CALC U TOOK: 0.000292
SENDING TO GPU TOOK: 0.000772
CUDA EXEC TOOK: 0.027185
SENDING BACK FROM GPU TOOK: 0.001089
TIME TO CALC NEW ARRAY X AND Y TOOK: 0.029050
TIME TO RESET WEIGHTS TOOK: 0.000179
TIME TO SET ERROR TOOK: 0.007507
TIME TO GET LIKELIHOODS TOOK: 0.020965
TIME TO GET EXP TOOK: 0.000471
TIME TO SUM WEIGHTS TOOK: 0.000126
TIME TO NORMALIZE WEIGHTS TOOK: 0.000062
TIME TO MOVE OBJECT TOOK: 0.000127
XE: 62.502695
YE: 65.441432
2.078376
TIME TO CALC CUM SUM TOOK: 0.000127
TIME TO CALC U TOOK: 0.000064
SENDING TO GPU TOOK: 0.000561
CUDA EXEC TOOK: 0.027453
SENDING BACK FROM GPU TOOK: 0.000318
TIME TO CALC NEW ARRAY X AND Y TOOK: 0.028333
TIME TO RESET WEIGHTS TOOK: 0.000178
TIME TO SET ERROR TOOK: 0.007628
TIME TO GET LIKELIHOODS TOOK: 0.021622
TIME TO GET EXP TOOK: 0.000468
TIME TO SUM WEIGHTS TOOK: 0.000122
TIME TO NORMALIZE WEIGHTS TOOK: 0.000061
TIME TO MOVE OBJECT TOOK: 0.000123
XE: 60.498209
YE: 66.463263
4.281379
TIME TO CALC CUM SUM TOOK: 0.000123
TIME TO CALC U TOOK: 0.000062
SENDING TO GPU TOOK: 0.000536
CUDA EXEC TOOK: 0.025680
SENDING BACK FROM GPU TOOK: 0.000455
TIME TO CALC NEW ARRAY X AND Y TOOK: 0.026674
TIME TO RESET WEIGHTS TOOK: 0.000179
TIME TO SET ERROR TOOK: 0.007332
TIME TO GET LIKELIHOODS TOOK: 0.020708
TIME TO GET EXP TOOK: 0.000457
TIME TO SUM WEIGHTS TOOK: 0.000121
TIME TO NORMALIZE WEIGHTS TOOK: 0.000061
TIME TO MOVE OBJECT TOOK: 0.000125
XE: 58.469139
YE: 67.427328
6.506689
TIME TO CALC CUM SUM TOOK: 0.000123
TIME TO CALC U TOOK: 0.000061
SENDING TO GPU TOOK: 0.000536
CUDA EXEC TOOK: 0.026650
SENDING BACK FROM GPU TOOK: 0.000390
TIME TO CALC NEW ARRAY X AND Y TOOK: 0.027579
TIME TO RESET WEIGHTS TOOK: 0.000180
TIME TO SET ERROR TOOK: 0.006924
TIME TO GET LIKELIHOODS TOOK: 0.020354
TIME TO GET EXP TOOK: 0.000459
TIME TO SUM WEIGHTS TOOK: 0.000122
TIME TO NORMALIZE WEIGHTS TOOK: 0.000061
TIME TO MOVE OBJECT TOOK: 0.000125
XE: 56.504113
YE: 68.417380
8.700665
TIME TO CALC CUM SUM TOOK: 0.000123
TIME TO CALC U TOOK: 0.000061
SENDING TO GPU TOOK: 0.000588
CUDA EXEC TOOK: 0.025163
SENDING BACK FROM GPU TOOK: 0.000409
TIME TO CALC NEW ARRAY X AND Y TOOK: 0.026162
TIME TO RESET WEIGHTS TOOK: 0.000177
TIME TO SET ERROR TOOK: 0.006811
TIME TO GET LIKELIHOODS TOOK: 0.020450
TIME TO GET EXP TOOK: 0.000472
TIME TO SUM WEIGHTS TOOK: 0.000126
TIME TO NORMALIZE WEIGHTS TOOK: 0.000067
TIME TO MOVE OBJECT TOOK: 0.000127
XE: 54.497774
YE: 69.416734
10.937701
TIME TO CALC CUM SUM TOOK: 0.000127
TIME TO CALC U TOOK: 0.000063
SENDING TO GPU TOOK: 0.000536
CUDA EXEC TOOK: 0.026748
SENDING BACK FROM GPU TOOK: 0.000341
TIME TO CALC NEW ARRAY X AND Y TOOK: 0.027627
TIME TO RESET WEIGHTS TOOK: 0.000182
TIME TO SET ERROR TOOK: 0.007689
TIME TO GET LIKELIHOODS TOOK: 0.020964
TIME TO GET EXP TOOK: 0.000471
TIME TO SUM WEIGHTS TOOK: 0.000126
TIME TO NORMALIZE WEIGHTS TOOK: 0.000063
TIME TO MOVE OBJECT TOOK: 0.000127
XE: 52.528307
YE: 70.426739
13.149248
TIME TO CALC CUM SUM TOOK: 0.000126
TIME TO CALC U TOOK: 0.000063
SENDING TO GPU TOOK: 0.000543
CUDA EXEC TOOK: 0.026368
SENDING BACK FROM GPU TOOK: 0.000399
TIME TO CALC NEW ARRAY X AND Y TOOK: 0.027313
TIME TO RESET WEIGHTS TOOK: 0.000179
TIME TO SET ERROR TOOK: 0.007588
TIME TO GET LIKELIHOODS TOOK: 0.020992
TIME TO GET EXP TOOK: 0.000472
TIME TO SUM WEIGHTS TOOK: 0.000125
TIME TO NORMALIZE WEIGHTS TOOK: 0.000063
TIME TO MOVE OBJECT TOOK: 0.000129
XE: 50.501475
YE: 71.453028
15.419397
TIME TO CALC CUM SUM TOOK: 0.000128
TIME TO CALC U TOOK: 0.000065
SENDING TO GPU TOOK: 0.000574
CUDA EXEC TOOK: 0.025924
SENDING BACK FROM GPU TOOK: 0.000442
TIME TO CALC NEW ARRAY X AND Y TOOK: 0.026941
TIME TO RESET WEIGHTS TOOK: 0.000205
TIME TO SET ERROR TOOK: 0.007608
TIME TO GET LIKELIHOODS TOOK: 0.020977
TIME TO GET EXP TOOK: 0.000472
TIME TO SUM WEIGHTS TOOK: 0.000125
TIME TO NORMALIZE WEIGHTS TOOK: 0.000063
TIME TO MOVE OBJECT TOOK: 0.000131
XE: 48.489230
YE: 72.415107
17.646473
TIME TO CALC CUM SUM TOOK: 0.000128
TIME TO CALC U TOOK: 0.000064
SENDING TO GPU TOOK: 0.000551
CUDA EXEC TOOK: 0.026814
SENDING BACK FROM GPU TOOK: 0.000524
TIME TO CALC NEW ARRAY X AND Y TOOK: 0.027893
TIME TO RESET WEIGHTS TOOK: 0.000185
PARTICLE FILTER TOOK 0.728508
ENTIRE PROGRAM TOOK 0.738376
INFO: End task heartwall at 22.996401s
INFO: Start task huffman at 22.996425s
VIDEO SEQUENCE TOOK 0.009691
TIME TO SEND TO GPU: 0.000447
GPU Execution: 0.341706
FREE TIME: 0.005032
TIME TO SEND BACK: 0.006237
SEND ARRAY X BACK: 0.000533
SEND ARRAY Y BACK: 0.000499
SEND WEIGHTS BACK: 0.000173
XE: 48.480574
YE: 72.428884
17.660653
PARTICLE FILTER TOOK 0.484586
ENTIRE PROGRAM TOOK 0.494277
INFO: End task huffman at 23.380200s
VIDEO SEQUENCE TOOK 0.009360
TIME TO GET NEIGHBORS TOOK: 0.000000
TIME TO GET WEIGHTSTOOK: 0.000249
TIME TO SET ERROR TOOK: 0.006709
TIME TO GET LIKELIHOODS TOOK: 0.020048
TIME TO GET EXP TOOK: 0.000449
TIME TO SUM WEIGHTS TOOK: 0.000118
TIME TO NORMALIZE WEIGHTS TOOK: 0.000060
TIME TO MOVE OBJECT TOOK: 0.000120
XE: 64.512927
YE: 64.442715
0.677562
TIME TO CALC CUM SUM TOOK: 0.000341
TIME TO CALC U TOOK: 0.000284
SENDING TO GPU TOOK: 0.000761
CUDA EXEC TOOK: 0.026726
SENDING BACK FROM GPU TOOK: 0.001059
TIME TO CALC NEW ARRAY X AND Y TOOK: 0.028548
TIME TO RESET WEIGHTS TOOK: 0.000162
TIME TO SET ERROR TOOK: 0.007114
TIME TO GET LIKELIHOODS TOOK: 0.019809
TIME TO GET EXP TOOK: 0.000460
TIME TO SUM WEIGHTS TOOK: 0.000122
TIME TO NORMALIZE WEIGHTS TOOK: 0.000061
TIME TO MOVE OBJECT TOOK: 0.000122
XE: 62.492528
YE: 65.436037
2.081988
TIME TO CALC CUM SUM TOOK: 0.000123
TIME TO CALC U TOOK: 0.000061
SENDING TO GPU TOOK: 0.000553
CUDA EXEC TOOK: 0.025955
SENDING BACK FROM GPU TOOK: 0.000404
TIME TO CALC NEW ARRAY X AND Y TOOK: 0.026914
TIME TO RESET WEIGHTS TOOK: 0.000157
TIME TO SET ERROR TOOK: 0.007190
TIME TO GET LIKELIHOODS TOOK: 0.019724
TIME TO GET EXP TOOK: 0.000447
TIME TO SUM WEIGHTS TOOK: 0.000118
TIME TO NORMALIZE WEIGHTS TOOK: 0.000059
TIME TO MOVE OBJECT TOOK: 0.000118
XE: 60.519828
YE: 66.447771
4.254783
TIME TO CALC CUM SUM TOOK: 0.000119
TIME TO CALC U TOOK: 0.000059
SENDING TO GPU TOOK: 0.000521
CUDA EXEC TOOK: 0.026377
SENDING BACK FROM GPU TOOK: 0.000383
TIME TO CALC NEW ARRAY X AND Y TOOK: 0.027283
TIME TO RESET WEIGHTS TOOK: 0.000157
TIME TO SET ERROR TOOK: 0.007130
TIME TO GET LIKELIHOODS TOOK: 0.019868
TIME TO GET EXP TOOK: 0.000456
TIME TO SUM WEIGHTS TOOK: 0.000122
TIME TO NORMALIZE WEIGHTS TOOK: 0.000060
TIME TO MOVE OBJECT TOOK: 0.000122
XE: 58.505465
YE: 67.464853
6.495778
TIME TO CALC CUM SUM TOOK: 0.000122
TIME TO CALC U TOOK: 0.000061
SENDING TO GPU TOOK: 0.000519
CUDA EXEC TOOK: 0.027138
SENDING BACK FROM GPU TOOK: 0.000341
TIME TO CALC NEW ARRAY X AND Y TOOK: 0.028001
TIME TO RESET WEIGHTS TOOK: 0.000156
TIME TO SET ERROR TOOK: 0.007055
TIME TO GET LIKELIHOODS TOOK: 0.019720
TIME TO GET EXP TOOK: 0.000442
TIME TO SUM WEIGHTS TOOK: 0.000118
TIME TO NORMALIZE WEIGHTS TOOK: 0.000059
TIME TO MOVE OBJECT TOOK: 0.000118
XE: 56.489691
YE: 68.448701
8.729014
TIME TO CALC CUM SUM TOOK: 0.000119
TIME TO CALC U TOOK: 0.000059
SENDING TO GPU TOOK: 0.000486
CUDA EXEC TOOK: 0.026867
SENDING BACK FROM GPU TOOK: 0.000355
TIME TO CALC NEW ARRAY X AND Y TOOK: 0.027710
TIME TO RESET WEIGHTS TOOK: 0.000157
TIME TO SET ERROR TOOK: 0.007018
TIME TO GET LIKELIHOODS TOOK: 0.020521
TIME TO GET EXP TOOK: 0.000456
TIME TO SUM WEIGHTS TOOK: 0.000121
TIME TO NORMALIZE WEIGHTS TOOK: 0.000067
TIME TO MOVE OBJECT TOOK: 0.000122
XE: 54.519751
YE: 69.428256
10.924335
TIME TO CALC CUM SUM TOOK: 0.000123
TIME TO CALC U TOOK: 0.000061
SENDING TO GPU TOOK: 0.000492
CUDA EXEC TOOK: 0.027456
SENDING BACK FROM GPU TOOK: 0.000371
TIME TO CALC NEW ARRAY X AND Y TOOK: 0.028320
TIME TO RESET WEIGHTS TOOK: 0.000157
TIME TO SET ERROR TOOK: 0.007069
TIME TO GET LIKELIHOODS TOOK: 0.019746
TIME TO GET EXP TOOK: 0.000443
TIME TO SUM WEIGHTS TOOK: 0.000118
TIME TO NORMALIZE WEIGHTS TOOK: 0.000059
TIME TO MOVE OBJECT TOOK: 0.000118
XE: 52.491143
YE: 70.449194
13.192645
TIME TO CALC CUM SUM TOOK: 0.000119
TIME TO CALC U TOOK: 0.000059
SENDING TO GPU TOOK: 0.000485
CUDA EXEC TOOK: 0.026347
SENDING BACK FROM GPU TOOK: 0.000401
TIME TO CALC NEW ARRAY X AND Y TOOK: 0.027234
TIME TO RESET WEIGHTS TOOK: 0.000157
TIME TO SET ERROR TOOK: 0.007179
TIME TO GET LIKELIHOODS TOOK: 0.019903
TIME TO GET EXP TOOK: 0.000461
TIME TO SUM WEIGHTS TOOK: 0.000121
TIME TO NORMALIZE WEIGHTS TOOK: 0.000061
TIME TO MOVE OBJECT TOOK: 0.000122
XE: 50.517438
YE: 71.415839
15.387467
TIME TO CALC CUM SUM TOOK: 0.000123
TIME TO CALC U TOOK: 0.000061
SENDING TO GPU TOOK: 0.000486
CUDA EXEC TOOK: 0.026233
SENDING BACK FROM GPU TOOK: 0.000400
TIME TO CALC NEW ARRAY X AND Y TOOK: 0.027121
TIME TO RESET WEIGHTS TOOK: 0.000157
TIME TO SET ERROR TOOK: 0.006972
TIME TO GET LIKELIHOODS TOOK: 0.019723
TIME TO GET EXP TOOK: 0.000442
TIME TO SUM WEIGHTS TOOK: 0.000118
TIME TO NORMALIZE WEIGHTS TOOK: 0.000059
TIME TO MOVE OBJECT TOOK: 0.000118
XE: 48.524014
YE: 72.431726
17.623852
TIME TO CALC CUM SUM TOOK: 0.000119
TIME TO CALC U TOOK: 0.000059
SENDING TO GPU TOOK: 0.000469
CUDA EXEC TOOK: 0.025278
SENDING BACK FROM GPU TOOK: 0.000400
TIME TO CALC NEW ARRAY X AND Y TOOK: 0.026149
TIME TO RESET WEIGHTS TOOK: 0.000158
PARTICLE FILTER TOOK 0.615290
ENTIRE PROGRAM TOOK 0.624650
VIDEO SEQUENCE TOOK 0.009288
TIME TO SEND TO GPU: 0.000434
GPU Execution: 0.338873
FREE TIME: 0.001020
TIME TO SEND BACK: 0.002219
SEND ARRAY X BACK: 0.000534
SEND ARRAY Y BACK: 0.000508
SEND WEIGHTS BACK: 0.000157
XE: 48.509696
YE: 72.436073
17.638505
PARTICLE FILTER TOOK 0.454669
ENTIRE PROGRAM TOOK 0.463957
VIDEO SEQUENCE TOOK 0.009458
TIME TO GET NEIGHBORS TOOK: 0.000001
TIME TO GET WEIGHTSTOOK: 0.000231
TIME TO SET ERROR TOOK: 0.007093
TIME TO GET LIKELIHOODS TOOK: 0.019996
TIME TO GET EXP TOOK: 0.000452
TIME TO SUM WEIGHTS TOOK: 0.000119
TIME TO NORMALIZE WEIGHTS TOOK: 0.000059
TIME TO MOVE OBJECT TOOK: 0.000123
XE: 64.494124
YE: 64.452345
0.669906
TIME TO CALC CUM SUM TOOK: 0.000339
TIME TO CALC U TOOK: 0.000280
SENDING TO GPU TOOK: 0.000734
CUDA EXEC TOOK: 0.015870
SENDING BACK FROM GPU TOOK: 0.001048
TIME TO CALC NEW ARRAY X AND Y TOOK: 0.017655
TIME TO RESET WEIGHTS TOOK: 0.000161
TIME TO SET ERROR TOOK: 0.007423
TIME TO GET LIKELIHOODS TOOK: 0.019759
TIME TO GET EXP TOOK: 0.000473
TIME TO SUM WEIGHTS TOOK: 0.000119
TIME TO NORMALIZE WEIGHTS TOOK: 0.000059
TIME TO MOVE OBJECT TOOK: 0.000118
XE: 62.522255
YE: 65.439430
2.062932
TIME TO CALC CUM SUM TOOK: 0.000119
TIME TO CALC U TOOK: 0.000060
SENDING TO GPU TOOK: 0.000513
CUDA EXEC TOOK: 0.015922
SENDING BACK FROM GPU TOOK: 0.000373
TIME TO CALC NEW ARRAY X AND Y TOOK: 0.016809
TIME TO RESET WEIGHTS TOOK: 0.000158
TIME TO SET ERROR TOOK: 0.007134
TIME TO GET LIKELIHOODS TOOK: 0.020139
TIME TO GET EXP TOOK: 0.000473
TIME TO SUM WEIGHTS TOOK: 0.000126
TIME TO NORMALIZE WEIGHTS TOOK: 0.000062
TIME TO MOVE OBJECT TOOK: 0.000126
XE: 60.499305
YE: 66.424660
4.258384
TIME TO CALC CUM SUM TOOK: 0.000126
TIME TO CALC U TOOK: 0.000063
SENDING TO GPU TOOK: 0.000477
CUDA EXEC TOOK: 0.015772
SENDING BACK FROM GPU TOOK: 0.000373
TIME TO CALC NEW ARRAY X AND Y TOOK: 0.016624
TIME TO RESET WEIGHTS TOOK: 0.000160
TIME TO SET ERROR TOOK: 0.007241
TIME TO GET LIKELIHOODS TOOK: 0.020654
TIME TO GET EXP TOOK: 0.000483
TIME TO SUM WEIGHTS TOOK: 0.000126
TIME TO NORMALIZE WEIGHTS TOOK: 0.000062
TIME TO MOVE OBJECT TOOK: 0.000126
XE: 58.504066
YE: 67.454338
6.491359
TIME TO CALC CUM SUM TOOK: 0.000126
TIME TO CALC U TOOK: 0.000063
SENDING TO GPU TOOK: 0.000481
CUDA EXEC TOOK: 0.015036
SENDING BACK FROM GPU TOOK: 0.000390
TIME TO CALC NEW ARRAY X AND Y TOOK: 0.015910
TIME TO RESET WEIGHTS TOOK: 0.000160
TIME TO SET ERROR TOOK: 0.007368
TIME TO GET LIKELIHOODS TOOK: 0.019997
TIME TO GET EXP TOOK: 0.000455
TIME TO SUM WEIGHTS TOOK: 0.000122
TIME TO NORMALIZE WEIGHTS TOOK: 0.000061
TIME TO MOVE OBJECT TOOK: 0.000122
XE: 56.502496
YE: 68.438313
8.712703
TIME TO CALC CUM SUM TOOK: 0.000122
TIME TO CALC U TOOK: 0.000061
SENDING TO GPU TOOK: 0.000466
CUDA EXEC TOOK: 0.014810
SENDING BACK FROM GPU TOOK: 0.000398
TIME TO CALC NEW ARRAY X AND Y TOOK: 0.015676
TIME TO RESET WEIGHTS TOOK: 0.000157
TIME TO SET ERROR TOOK: 0.007008
TIME TO GET LIKELIHOODS TOOK: 0.020501
TIME TO GET EXP TOOK: 0.000456
TIME TO SUM WEIGHTS TOOK: 0.000121
TIME TO NORMALIZE WEIGHTS TOOK: 0.000066
TIME TO MOVE OBJECT TOOK: 0.000122
XE: 54.523187
YE: 69.448709
10.931533
TIME TO CALC CUM SUM TOOK: 0.000122
TIME TO CALC U TOOK: 0.000062
SENDING TO GPU TOOK: 0.000463
CUDA EXEC TOOK: 0.015670
SENDING BACK FROM GPU TOOK: 0.000367
TIME TO CALC NEW ARRAY X AND Y TOOK: 0.016501
TIME TO RESET WEIGHTS TOOK: 0.000158
TIME TO SET ERROR TOOK: 0.006876
TIME TO GET LIKELIHOODS TOOK: 0.019727
TIME TO GET EXP TOOK: 0.000442
TIME TO SUM WEIGHTS TOOK: 0.000118
TIME TO NORMALIZE WEIGHTS TOOK: 0.000059
TIME TO MOVE OBJECT TOOK: 0.000118
XE: 52.522214
YE: 70.412393
13.147561
TIME TO CALC CUM SUM TOOK: 0.000120
TIME TO CALC U TOOK: 0.000059
SENDING TO GPU TOOK: 0.000469
CUDA EXEC TOOK: 0.015274
SENDING BACK FROM GPU TOOK: 0.000389
TIME TO CALC NEW ARRAY X AND Y TOOK: 0.016134
TIME TO RESET WEIGHTS TOOK: 0.000157
TIME TO SET ERROR TOOK: 0.006844
TIME TO GET LIKELIHOODS TOOK: 0.022053
TIME TO GET EXP TOOK: 0.000501
TIME TO SUM WEIGHTS TOOK: 0.000133
TIME TO NORMALIZE WEIGHTS TOOK: 0.000067
TIME TO MOVE OBJECT TOOK: 0.000134
XE: 50.528776
YE: 71.453738
15.395846
TIME TO CALC CUM SUM TOOK: 0.000135
TIME TO CALC U TOOK: 0.000067
SENDING TO GPU TOOK: 0.000489
CUDA EXEC TOOK: 0.015208
SENDING BACK FROM GPU TOOK: 0.000367
TIME TO CALC NEW ARRAY X AND Y TOOK: 0.016066
TIME TO RESET WEIGHTS TOOK: 0.000163
TIME TO SET ERROR TOOK: 0.008366
TIME TO GET LIKELIHOODS TOOK: 0.021556
TIME TO GET EXP TOOK: 0.000504
TIME TO SUM WEIGHTS TOOK: 0.000136
TIME TO NORMALIZE WEIGHTS TOOK: 0.000067
TIME TO MOVE OBJECT TOOK: 0.000133
XE: 48.522056
YE: 72.429815
17.624657
TIME TO CALC CUM SUM TOOK: 0.000135
TIME TO CALC U TOOK: 0.000067
SENDING TO GPU TOOK: 0.000481
CUDA EXEC TOOK: 0.015486
SENDING BACK FROM GPU TOOK: 0.000378
TIME TO CALC NEW ARRAY X AND Y TOOK: 0.016347
TIME TO RESET WEIGHTS TOOK: 0.000159
PARTICLE FILTER TOOK 0.549115
ENTIRE PROGRAM TOOK 0.558573
VIDEO SEQUENCE TOOK 0.009614
TIME TO SEND TO GPU: 0.000432
GPU Execution: 0.224068
FREE TIME: 0.001013
TIME TO SEND BACK: 0.002222
SEND ARRAY X BACK: 0.000516
SEND ARRAY Y BACK: 0.000467
SEND WEIGHTS BACK: 0.000226
XE: 48.488962
YE: 72.435950
17.656657
PARTICLE FILTER TOOK 0.362573
ENTIRE PROGRAM TOOK 0.372187
VIDEO SEQUENCE TOOK 0.009547
TIME TO GET NEIGHBORS TOOK: 0.000001
TIME TO GET WEIGHTSTOOK: 0.000242
TIME TO SET ERROR TOOK: 0.007409
TIME TO GET LIKELIHOODS TOOK: 0.019987
TIME TO GET EXP TOOK: 0.000456
TIME TO SUM WEIGHTS TOOK: 0.000119
TIME TO NORMALIZE WEIGHTS TOOK: 0.000059
TIME TO MOVE OBJECT TOOK: 0.000122
XE: 64.496838
YE: 64.434601
0.660095
TIME TO CALC CUM SUM TOOK: 0.000342
TIME TO CALC U TOOK: 0.000280
SENDING TO GPU TOOK: 0.000746
CUDA EXEC TOOK: 0.010813
SENDING BACK FROM GPU TOOK: 0.001058
TIME TO CALC NEW ARRAY X AND Y TOOK: 0.012620
TIME TO RESET WEIGHTS TOOK: 0.000167
TIME TO SET ERROR TOOK: 0.007317
TIME TO GET LIKELIHOODS TOOK: 0.019733
TIME TO GET EXP TOOK: 0.000444
TIME TO SUM WEIGHTS TOOK: 0.000118
TIME TO NORMALIZE WEIGHTS TOOK: 0.000059
TIME TO MOVE OBJECT TOOK: 0.000118
XE: 62.514841
YE: 65.445945
2.072789
TIME TO CALC CUM SUM TOOK: 0.000120
TIME TO CALC U TOOK: 0.000059
SENDING TO GPU TOOK: 0.000536
CUDA EXEC TOOK: 0.010790
SENDING BACK FROM GPU TOOK: 0.000401
TIME TO CALC NEW ARRAY X AND Y TOOK: 0.011729
TIME TO RESET WEIGHTS TOOK: 0.000163
TIME TO SET ERROR TOOK: 0.007149
TIME TO GET LIKELIHOODS TOOK: 0.019730
TIME TO GET EXP TOOK: 0.000443
TIME TO SUM WEIGHTS TOOK: 0.000118
TIME TO NORMALIZE WEIGHTS TOOK: 0.000059
TIME TO MOVE OBJECT TOOK: 0.000118
XE: 60.487682
YE: 66.454242
4.284820
TIME TO CALC CUM SUM TOOK: 0.000120
TIME TO CALC U TOOK: 0.000059
SENDING TO GPU TOOK: 0.000494
CUDA EXEC TOOK: 0.010745
SENDING BACK FROM GPU TOOK: 0.000372
TIME TO CALC NEW ARRAY X AND Y TOOK: 0.011613
TIME TO RESET WEIGHTS TOOK: 0.000161
TIME TO SET ERROR TOOK: 0.007139
TIME TO GET LIKELIHOODS TOOK: 0.019742
TIME TO GET EXP TOOK: 0.000442
TIME TO SUM WEIGHTS TOOK: 0.000118
TIME TO NORMALIZE WEIGHTS TOOK: 0.000059
TIME TO MOVE OBJECT TOOK: 0.000118
XE: 58.532392
YE: 67.458259
6.469489
TIME TO CALC CUM SUM TOOK: 0.000119
TIME TO CALC U TOOK: 0.000060
SENDING TO GPU TOOK: 0.000487
CUDA EXEC TOOK: 0.010792
SENDING BACK FROM GPU TOOK: 0.000400
TIME TO CALC NEW ARRAY X AND Y TOOK: 0.011680
TIME TO RESET WEIGHTS TOOK: 0.000162
TIME TO SET ERROR TOOK: 0.007429
TIME TO GET LIKELIHOODS TOOK: 0.019726
TIME TO GET EXP TOOK: 0.000442
TIME TO SUM WEIGHTS TOOK: 0.000118
TIME TO NORMALIZE WEIGHTS TOOK: 0.000059
TIME TO MOVE OBJECT TOOK: 0.000118
XE: 56.497009
YE: 68.443051
8.719839
TIME TO CALC CUM SUM TOOK: 0.000120
TIME TO CALC U TOOK: 0.000059
SENDING TO GPU TOOK: 0.000488
CUDA EXEC TOOK: 0.010802
SENDING BACK FROM GPU TOOK: 0.000410
TIME TO CALC NEW ARRAY X AND Y TOOK: 0.011701
TIME TO RESET WEIGHTS TOOK: 0.000162
TIME TO SET ERROR TOOK: 0.007151
TIME TO GET LIKELIHOODS TOOK: 0.019743
TIME TO GET EXP TOOK: 0.000442
TIME TO SUM WEIGHTS TOOK: 0.000118
TIME TO NORMALIZE WEIGHTS TOOK: 0.000062
TIME TO MOVE OBJECT TOOK: 0.000118
XE: 54.499067
YE: 69.450001
10.953093
TIME TO CALC CUM SUM TOOK: 0.000120
TIME TO CALC U TOOK: 0.000059
SENDING TO GPU TOOK: 0.000489
CUDA EXEC TOOK: 0.010733
SENDING BACK FROM GPU TOOK: 0.000330
TIME TO CALC NEW ARRAY X AND Y TOOK: 0.011554
TIME TO RESET WEIGHTS TOOK: 0.000162
TIME TO SET ERROR TOOK: 0.006735
TIME TO GET LIKELIHOODS TOOK: 0.019722
TIME TO GET EXP TOOK: 0.000443
TIME TO SUM WEIGHTS TOOK: 0.000118
TIME TO NORMALIZE WEIGHTS TOOK: 0.000059
TIME TO MOVE OBJECT TOOK: 0.000118
XE: 52.536227
YE: 70.427884
13.142899
TIME TO CALC CUM SUM TOOK: 0.000121
TIME TO CALC U TOOK: 0.000059
SENDING TO GPU TOOK: 0.000486
CUDA EXEC TOOK: 0.010716
SENDING BACK FROM GPU TOOK: 0.000396
TIME TO CALC NEW ARRAY X AND Y TOOK: 0.011601
TIME TO RESET WEIGHTS TOOK: 0.000161
TIME TO SET ERROR TOOK: 0.007397
TIME TO GET LIKELIHOODS TOOK: 0.019868
TIME TO GET EXP TOOK: 0.000443
TIME TO SUM WEIGHTS TOOK: 0.000118
TIME TO NORMALIZE WEIGHTS TOOK: 0.000059
TIME TO MOVE OBJECT TOOK: 0.000118
XE: 50.510254
YE: 71.441007
15.405903
TIME TO CALC CUM SUM TOOK: 0.000119
TIME TO CALC U TOOK: 0.000062
SENDING TO GPU TOOK: 0.000481
CUDA EXEC TOOK: 0.010755
SENDING BACK FROM GPU TOOK: 0.000377
TIME TO CALC NEW ARRAY X AND Y TOOK: 0.011615
TIME TO RESET WEIGHTS TOOK: 0.000162
TIME TO SET ERROR TOOK: 0.007045
TIME TO GET LIKELIHOODS TOOK: 0.019743
TIME TO GET EXP TOOK: 0.000442
TIME TO SUM WEIGHTS TOOK: 0.000118
TIME TO NORMALIZE WEIGHTS TOOK: 0.000059
TIME TO MOVE OBJECT TOOK: 0.000118
XE: 48.516931
YE: 72.418449
17.623726
TIME TO CALC CUM SUM TOOK: 0.000119
TIME TO CALC U TOOK: 0.000059
SENDING TO GPU TOOK: 0.000479
CUDA EXEC TOOK: 0.010714
SENDING BACK FROM GPU TOOK: 0.000390
TIME TO CALC NEW ARRAY X AND Y TOOK: 0.011585
TIME TO RESET WEIGHTS TOOK: 0.000162
PARTICLE FILTER TOOK 0.540384
ENTIRE PROGRAM TOOK 0.549931
VIDEO SEQUENCE TOOK 0.009212
TIME TO SEND TO GPU: 0.000427
GPU Execution: 0.170880
FREE TIME: 0.000197
TIME TO SEND BACK: 0.001380
SEND ARRAY X BACK: 0.000490
SEND ARRAY Y BACK: 0.000500
SEND WEIGHTS BACK: 0.000193
XE: 48.526781
YE: 72.464163
17.636966
PARTICLE FILTER TOOK 0.351861
ENTIRE PROGRAM TOOK 0.361073
INFO: Instance(start=1, size=1) has been created
INFO: Start task heartwall at 21.790622s
VIDEO SEQUENCE TOOK 0.009687
TIME TO GET NEIGHBORS TOOK: 0.000001
TIME TO GET WEIGHTSTOOK: 0.000248
TIME TO SET ERROR TOOK: 0.007479
TIME TO GET LIKELIHOODS TOOK: 0.020557
TIME TO GET EXP TOOK: 0.000468
TIME TO SUM WEIGHTS TOOK: 0.000122
TIME TO NORMALIZE WEIGHTS TOOK: 0.000061
TIME TO MOVE OBJECT TOOK: 0.000128
XE: 64.502013
YE: 64.434985
0.664251
TIME TO CALC CUM SUM TOOK: 0.000353
TIME TO CALC U TOOK: 0.000291
SENDING TO GPU TOOK: 0.000777
CUDA EXEC TOOK: 0.028212
SENDING BACK FROM GPU TOOK: 0.001083
TIME TO CALC NEW ARRAY X AND Y TOOK: 0.030075
TIME TO RESET WEIGHTS TOOK: 0.000179
TIME TO SET ERROR TOOK: 0.007704
TIME TO GET LIKELIHOODS TOOK: 0.020963
TIME TO GET EXP TOOK: 0.000473
TIME TO SUM WEIGHTS TOOK: 0.000125
TIME TO NORMALIZE WEIGHTS TOOK: 0.000063
TIME TO MOVE OBJECT TOOK: 0.000127
XE: 62.535029
YE: 65.429555
2.046892
TIME TO CALC CUM SUM TOOK: 0.000128
TIME TO CALC U TOOK: 0.000063
SENDING TO GPU TOOK: 0.000548
CUDA EXEC TOOK: 0.026042
SENDING BACK FROM GPU TOOK: 0.000423
TIME TO CALC NEW ARRAY X AND Y TOOK: 0.027015
TIME TO RESET WEIGHTS TOOK: 0.000177
TIME TO SET ERROR TOOK: 0.007576
TIME TO GET LIKELIHOODS TOOK: 0.020687
TIME TO GET EXP TOOK: 0.000472
TIME TO SUM WEIGHTS TOOK: 0.000126
TIME TO NORMALIZE WEIGHTS TOOK: 0.000063
TIME TO MOVE OBJECT TOOK: 0.000129
XE: 60.570383
YE: 66.413410
4.193665
TIME TO CALC CUM SUM TOOK: 0.000127
TIME TO CALC U TOOK: 0.000063
SENDING TO GPU TOOK: 0.000535
CUDA EXEC TOOK: 0.026967
SENDING BACK FROM GPU TOOK: 0.000399
TIME TO CALC NEW ARRAY X AND Y TOOK: 0.027905
TIME TO RESET WEIGHTS TOOK: 0.000176
TIME TO SET ERROR TOOK: 0.007316
TIME TO GET LIKELIHOODS TOOK: 0.022219
TIME TO GET EXP TOOK: 0.000472
TIME TO SUM WEIGHTS TOOK: 0.000125
TIME TO NORMALIZE WEIGHTS TOOK: 0.000063
TIME TO MOVE OBJECT TOOK: 0.000127
XE: 58.507526
YE: 67.414709
6.467419
TIME TO CALC CUM SUM TOOK: 0.000127
TIME TO CALC U TOOK: 0.000063
SENDING TO GPU TOOK: 0.000579
CUDA EXEC TOOK: 0.026747
SENDING BACK FROM GPU TOOK: 0.000349
TIME TO CALC NEW ARRAY X AND Y TOOK: 0.027678
TIME TO RESET WEIGHTS TOOK: 0.000174
TIME TO SET ERROR TOOK: 0.007660
TIME TO GET LIKELIHOODS TOOK: 0.021447
TIME TO GET EXP TOOK: 0.000474
TIME TO SUM WEIGHTS TOOK: 0.000125
TIME TO NORMALIZE WEIGHTS TOOK: 0.000063
TIME TO MOVE OBJECT TOOK: 0.000127
XE: 56.513203
YE: 68.446669
8.707755
TIME TO CALC CUM SUM TOOK: 0.000127
TIME TO CALC U TOOK: 0.000062
SENDING TO GPU TOOK: 0.000529
CUDA EXEC TOOK: 0.026931
SENDING BACK FROM GPU TOOK: 0.000470
TIME TO CALC NEW ARRAY X AND Y TOOK: 0.027933
TIME TO RESET WEIGHTS TOOK: 0.000174
TIME TO SET ERROR TOOK: 0.007760
TIME TO GET LIKELIHOODS TOOK: 0.021560
TIME TO GET EXP TOOK: 0.000472
TIME TO SUM WEIGHTS TOOK: 0.000126
TIME TO NORMALIZE WEIGHTS TOOK: 0.000067
TIME TO MOVE OBJECT TOOK: 0.000127
XE: 54.526937
YE: 69.461439
10.934635
TIME TO CALC CUM SUM TOOK: 0.000128
TIME TO CALC U TOOK: 0.000063
SENDING TO GPU TOOK: 0.000534
CUDA EXEC TOOK: 0.027158
SENDING BACK FROM GPU TOOK: 0.000433
TIME TO CALC NEW ARRAY X AND Y TOOK: 0.028128
TIME TO RESET WEIGHTS TOOK: 0.000181
TIME TO SET ERROR TOOK: 0.007521
TIME TO GET LIKELIHOODS TOOK: 0.020967
TIME TO GET EXP TOOK: 0.000504
TIME TO SUM WEIGHTS TOOK: 0.000134
TIME TO NORMALIZE WEIGHTS TOOK: 0.000067
TIME TO MOVE OBJECT TOOK: 0.000135
XE: 52.487542
YE: 70.435445
13.189073
TIME TO CALC CUM SUM TOOK: 0.000135
TIME TO CALC U TOOK: 0.000067
SENDING TO GPU TOOK: 0.000543
CUDA EXEC TOOK: 0.027124
SENDING BACK FROM GPU TOOK: 0.000420
TIME TO CALC NEW ARRAY X AND Y TOOK: 0.028091
TIME TO RESET WEIGHTS TOOK: 0.000187
TIME TO SET ERROR TOOK: 0.008129
TIME TO GET LIKELIHOODS TOOK: 0.022028
TIME TO GET EXP TOOK: 0.000507
TIME TO SUM WEIGHTS TOOK: 0.000134
TIME TO NORMALIZE WEIGHTS TOOK: 0.000067
TIME TO MOVE OBJECT TOOK: 0.000136
XE: 50.526333
YE: 71.444639
15.393581
TIME TO CALC CUM SUM TOOK: 0.000136
TIME TO CALC U TOOK: 0.000067
SENDING TO GPU TOOK: 0.000562
CUDA EXEC TOOK: 0.026664
SENDING BACK FROM GPU TOOK: 0.000440
TIME TO CALC NEW ARRAY X AND Y TOOK: 0.027668
TIME TO RESET WEIGHTS TOOK: 0.000181
TIME TO SET ERROR TOOK: 0.007759
TIME TO GET LIKELIHOODS TOOK: 0.021578
TIME TO GET EXP TOOK: 0.000489
TIME TO SUM WEIGHTS TOOK: 0.000125
TIME TO NORMALIZE WEIGHTS TOOK: 0.000063
TIME TO MOVE OBJECT TOOK: 0.000127
XE: 48.501887
YE: 72.446978
17.650579
TIME TO CALC CUM SUM TOOK: 0.000127
TIME TO CALC U TOOK: 0.000063
SENDING TO GPU TOOK: 0.000532
CUDA EXEC TOOK: 0.025675
SENDING BACK FROM GPU TOOK: 0.000411
TIME TO CALC NEW ARRAY X AND Y TOOK: 0.026622
TIME TO RESET WEIGHTS TOOK: 0.000177
PARTICLE FILTER TOOK 0.733046
ENTIRE PROGRAM TOOK 0.742733
INFO: End task heartwall at 22.809377s
INFO: Start task nw at 22.809398s
VIDEO SEQUENCE TOOK 0.009675
TIME TO SEND TO GPU: 0.000455
GPU Execution: 0.338463
FREE TIME: 0.001212
TIME TO SEND BACK: 0.002850
SEND ARRAY X BACK: 0.000712
SEND ARRAY Y BACK: 0.000636
SEND WEIGHTS BACK: 0.000290
XE: 48.515634
YE: 72.445060
17.637591
PARTICLE FILTER TOOK 0.478886
ENTIRE PROGRAM TOOK 0.488561
INFO: End task nw at 23.195277s
