WG size of kernel 1 = 512, WG size of kernel 2= 4 X 4
Total Device found: 1
Device Name 		 - NVIDIA A30 MIG 2g.12gb 
**************************************
Total Global Memory			 - 12255232 KB
Shared memory available per block 	 - 48 KB
Number of registers per thread block 	 - 65536
Warp size in threads 			 - 32
Memory Pitch 				 - 2147483647 bytes
Maximum threads per block 		 - 1024
Maximum Thread Dimension (block) 	 - 1024 1024 64
Maximum Thread Dimension (grid) 	 - 2147483647 65535 65535
Total constant memory 			 - 65536 bytes
CUDA ver 				 - 8.0
Clock rate 				 - 1440000 KHz
Texture Alignment 			 - 512 bytes
Device Overlap 				 - Allowed
Number of Multi processors 		 - 28

Create matrix internally in parse, size = 2048 

Time total (including memory transfers)	1.418235 sec
Time for CUDA kernels:	1.255686 sec
WG size of kernel 1 = 512, WG size of kernel 2= 4 X 4
Total Device found: 1
Device Name 		 - NVIDIA A30 MIG 2g.12gb 
**************************************
Total Global Memory			 - 12255232 KB
Shared memory available per block 	 - 48 KB
Number of registers per thread block 	 - 65536
Warp size in threads 			 - 32
Memory Pitch 				 - 2147483647 bytes
Maximum threads per block 		 - 1024
Maximum Thread Dimension (block) 	 - 1024 1024 64
Maximum Thread Dimension (grid) 	 - 2147483647 65535 65535
Total constant memory 			 - 65536 bytes
CUDA ver 				 - 8.0
Clock rate 				 - 1440000 KHz
Texture Alignment 			 - 512 bytes
Device Overlap 				 - Allowed
Number of Multi processors 		 - 28

Create matrix internally in parse, size = 4096 

Time total (including memory transfers)	9.746567 sec
Time for CUDA kernels:	9.610883 sec
WG size of kernel = 256 
frame progress: 0 1 2 3 4 5 6 7 8 9 10 11 12 13 14 15 16 17 18 19 20 21 22 23 24 25 26 27 28 29 30 31 32 33 34 35 36 37 38 39 40 41 42 43 44 45 46 47 48 49 50 51 52 53 54 55 56 57 58 59 60 61 62 63 64 65 66 67 68 69 70 71 72 73 74 75 76 77 78 79 80 81 82 83 84 85 86 87 88 89 90 91 92 93 94 95 96 97 98 99 100 101 102 103 
WG size of kernel 1 = 512, WG size of kernel 2= 4 X 4
Total Device found: 1
Device Name 		 - NVIDIA A30 MIG 2g.12gb 
**************************************
Total Global Memory			 - 12255232 KB
Shared memory available per block 	 - 48 KB
Number of registers per thread block 	 - 65536
Warp size in threads 			 - 32
Memory Pitch 				 - 2147483647 bytes
Maximum threads per block 		 - 1024
Maximum Thread Dimension (block) 	 - 1024 1024 64
Maximum Thread Dimension (grid) 	 - 2147483647 65535 65535
Total constant memory 			 - 65536 bytes
CUDA ver 				 - 8.0
Clock rate 				 - 1440000 KHz
Texture Alignment 			 - 512 bytes
Device Overlap 				 - Allowed
Number of Multi processors 		 - 28

Create matrix internally in parse, size = 2048 

Time total (including memory transfers)	1.447688 sec
Time for CUDA kernels:	1.254675 sec
WG size of kernel 1 = 512, WG size of kernel 2= 4 X 4
Total Device found: 1
Device Name 		 - NVIDIA A30 MIG 2g.12gb 
**************************************
Total Global Memory			 - 12255232 KB
Shared memory available per block 	 - 48 KB
Number of registers per thread block 	 - 65536
Warp size in threads 			 - 32
Memory Pitch 				 - 2147483647 bytes
Maximum threads per block 		 - 1024
Maximum Thread Dimension (block) 	 - 1024 1024 64
Maximum Thread Dimension (grid) 	 - 2147483647 65535 65535
Total constant memory 			 - 65536 bytes
CUDA ver 				 - 8.0
Clock rate 				 - 1440000 KHz
Texture Alignment 			 - 512 bytes
Device Overlap 				 - Allowed
Number of Multi processors 		 - 28

Create matrix internally in parse, size = 4096 

Time total (including memory transfers)	9.750302 sec
Time for CUDA kernels:	9.610450 sec
