thread block size of kernel = 128 
Configuration used: boxes1d = 100
Time spent in different stages of GPU_CUDA KERNEL:
 0.199909999967 s,  1.877765536308 % : GPU: SET DEVICE / DRIVER INIT
 0.005193000194 s,  0.048778131604 % : GPU MEM: ALO
 0.756703972816 s,  7.107762336731 % : GPU MEM: COPY IN
 9.202236175537 s, 86.437103271484 % : GPU: KERNEL
 0.472490996122 s,  4.438133716583 % : GPU MEM: COPY OUT
 0.009630000219 s,  0.090455114841 % : GPU MEM: FRE
Total time:
10.646163940430 s
thread block size of kernel = 128 
Configuration used: boxes1d = 100
Time spent in different stages of GPU_CUDA KERNEL:
 0.200363993645 s,  1.865772128105 % : GPU: SET DEVICE / DRIVER INIT
 0.005379000213 s,  0.050088781863 % : GPU MEM: ALO
 0.670365989208 s,  6.242390155792 % : GPU MEM: COPY IN
 9.190299987793 s, 85.579277038574 % : GPU: KERNEL
 0.662975013256 s,  6.173565387726 % : GPU MEM: COPY OUT
 0.009548000060 s,  0.088910147548 % : GPU MEM: FRE
Total time:
10.738931655884 s
