VIDEO SEQUENCE TOOK 0.009629
TIME TO GET NEIGHBORS TOOK: 0.000000
TIME TO GET WEIGHTSTOOK: 0.000235
TIME TO SET ERROR TOOK: 0.007283
TIME TO GET LIKELIHOODS TOOK: 0.020570
TIME TO GET EXP TOOK: 0.000462
TIME TO SUM WEIGHTS TOOK: 0.000122
TIME TO NORMALIZE WEIGHTS TOOK: 0.000061
TIME TO MOVE OBJECT TOOK: 0.000127
XE: 64.496279
YE: 64.455722
0.673777
TIME TO CALC CUM SUM TOOK: 0.000350
TIME TO CALC U TOOK: 0.000288
SENDING TO GPU TOOK: 0.000749
CUDA EXEC TOOK: 0.010807
SENDING BACK FROM GPU TOOK: 0.001131
TIME TO CALC NEW ARRAY X AND Y TOOK: 0.012690
TIME TO RESET WEIGHTS TOOK: 0.000168
TIME TO SET ERROR TOOK: 0.007400
TIME TO GET LIKELIHOODS TOOK: 0.021564
TIME TO GET EXP TOOK: 0.000475
TIME TO SUM WEIGHTS TOOK: 0.000126
TIME TO NORMALIZE WEIGHTS TOOK: 0.000063
TIME TO MOVE OBJECT TOOK: 0.000132
XE: 62.485274
YE: 65.425920
2.080299
TIME TO CALC CUM SUM TOOK: 0.000130
TIME TO CALC U TOOK: 0.000071
SENDING TO GPU TOOK: 0.000618
CUDA EXEC TOOK: 0.010742
SENDING BACK FROM GPU TOOK: 0.000443
TIME TO CALC NEW ARRAY X AND Y TOOK: 0.011806
TIME TO RESET WEIGHTS TOOK: 0.000205
TIME TO SET ERROR TOOK: 0.008261
TIME TO GET LIKELIHOODS TOOK: 0.022080
TIME TO GET EXP TOOK: 0.000511
TIME TO SUM WEIGHTS TOOK: 0.000134
TIME TO NORMALIZE WEIGHTS TOOK: 0.000067
TIME TO MOVE OBJECT TOOK: 0.000143
XE: 60.503576
YE: 66.442213
4.264901
TIME TO CALC CUM SUM TOOK: 0.000137
TIME TO CALC U TOOK: 0.000074
SENDING TO GPU TOOK: 0.000599
CUDA EXEC TOOK: 0.010774
SENDING BACK FROM GPU TOOK: 0.000492
TIME TO CALC NEW ARRAY X AND Y TOOK: 0.011868
TIME TO RESET WEIGHTS TOOK: 0.000198
TIME TO SET ERROR TOOK: 0.007706
TIME TO GET LIKELIHOODS TOOK: 0.022202
TIME TO GET EXP TOOK: 0.000507
TIME TO SUM WEIGHTS TOOK: 0.000134
TIME TO NORMALIZE WEIGHTS TOOK: 0.000067
TIME TO MOVE OBJECT TOOK: 0.000145
XE: 58.519169
YE: 67.447210
6.474779
TIME TO CALC CUM SUM TOOK: 0.000138
TIME TO CALC U TOOK: 0.000074
SENDING TO GPU TOOK: 0.000600
CUDA EXEC TOOK: 0.010812
SENDING BACK FROM GPU TOOK: 0.000397
TIME TO CALC NEW ARRAY X AND Y TOOK: 0.011811
TIME TO RESET WEIGHTS TOOK: 0.000172
TIME TO SET ERROR TOOK: 0.008098
TIME TO GET LIKELIHOODS TOOK: 0.021251
TIME TO GET EXP TOOK: 0.000471
TIME TO SUM WEIGHTS TOOK: 0.000125
TIME TO NORMALIZE WEIGHTS TOOK: 0.000063
TIME TO MOVE OBJECT TOOK: 0.000126
XE: 56.508757
YE: 68.457841
8.717286
TIME TO CALC CUM SUM TOOK: 0.000127
TIME TO CALC U TOOK: 0.000063
SENDING TO GPU TOOK: 0.000541
CUDA EXEC TOOK: 0.010776
SENDING BACK FROM GPU TOOK: 0.000463
TIME TO CALC NEW ARRAY X AND Y TOOK: 0.011782
TIME TO RESET WEIGHTS TOOK: 0.000167
TIME TO SET ERROR TOOK: 0.007767
TIME TO GET LIKELIHOODS TOOK: 0.020609
TIME TO GET EXP TOOK: 0.000458
TIME TO SUM WEIGHTS TOOK: 0.000122
TIME TO NORMALIZE WEIGHTS TOOK: 0.000064
TIME TO MOVE OBJECT TOOK: 0.000122
XE: 54.516081
YE: 69.444940
10.935817
TIME TO CALC CUM SUM TOOK: 0.000123
TIME TO CALC U TOOK: 0.000061
SENDING TO GPU TOOK: 0.000512
CUDA EXEC TOOK: 0.010703
SENDING BACK FROM GPU TOOK: 0.000438
TIME TO CALC NEW ARRAY X AND Y TOOK: 0.011656
TIME TO RESET WEIGHTS TOOK: 0.000161
TIME TO SET ERROR TOOK: 0.006987
TIME TO GET LIKELIHOODS TOOK: 0.020695
TIME TO GET EXP TOOK: 0.000470
TIME TO SUM WEIGHTS TOOK: 0.000125
TIME TO NORMALIZE WEIGHTS TOOK: 0.000063
TIME TO MOVE OBJECT TOOK: 0.000126
XE: 52.519389
YE: 70.433972
13.160563
TIME TO CALC CUM SUM TOOK: 0.000127
TIME TO CALC U TOOK: 0.000065
SENDING TO GPU TOOK: 0.000521
CUDA EXEC TOOK: 0.010769
SENDING BACK FROM GPU TOOK: 0.000375
TIME TO CALC NEW ARRAY X AND Y TOOK: 0.011667
TIME TO RESET WEIGHTS TOOK: 0.000163
TIME TO SET ERROR TOOK: 0.007233
TIME TO GET LIKELIHOODS TOOK: 0.020644
TIME TO GET EXP TOOK: 0.000470
TIME TO SUM WEIGHTS TOOK: 0.000126
TIME TO NORMALIZE WEIGHTS TOOK: 0.000063
TIME TO MOVE OBJECT TOOK: 0.000125
XE: 50.520173
YE: 71.426651
15.390285
TIME TO CALC CUM SUM TOOK: 0.000127
TIME TO CALC U TOOK: 0.000063
SENDING TO GPU TOOK: 0.000511
CUDA EXEC TOOK: 0.010791
SENDING BACK FROM GPU TOOK: 0.000413
TIME TO CALC NEW ARRAY X AND Y TOOK: 0.011716
TIME TO RESET WEIGHTS TOOK: 0.000164
TIME TO SET ERROR TOOK: 0.007145
TIME TO GET LIKELIHOODS TOOK: 0.020954
TIME TO GET EXP TOOK: 0.000471
TIME TO SUM WEIGHTS TOOK: 0.000125
TIME TO NORMALIZE WEIGHTS TOOK: 0.000063
TIME TO MOVE OBJECT TOOK: 0.000126
XE: 48.514721
YE: 72.427762
17.630117
TIME TO CALC CUM SUM TOOK: 0.000126
TIME TO CALC U TOOK: 0.000063
SENDING TO GPU TOOK: 0.000519
CUDA EXEC TOOK: 0.010731
SENDING BACK FROM GPU TOOK: 0.000425
TIME TO CALC NEW ARRAY X AND Y TOOK: 0.011677
TIME TO RESET WEIGHTS TOOK: 0.000163
PARTICLE FILTER TOOK 0.558030
ENTIRE PROGRAM TOOK 0.567659
VIDEO SEQUENCE TOOK 0.009601
TIME TO SEND TO GPU: 0.000448
GPU Execution: 0.172571
FREE TIME: 0.000216
TIME TO SEND BACK: 0.001438
SEND ARRAY X BACK: 0.000519
SEND ARRAY Y BACK: 0.000503
SEND WEIGHTS BACK: 0.000200
XE: 48.493502
YE: 72.431724
17.650651
PARTICLE FILTER TOOK 0.358077
ENTIRE PROGRAM TOOK 0.367678
VIDEO SEQUENCE TOOK 0.010006
TIME TO GET NEIGHBORS TOOK: 0.000002
TIME TO GET WEIGHTSTOOK: 0.000264
TIME TO SET ERROR TOOK: 0.007262
TIME TO GET LIKELIHOODS TOOK: 0.020050
TIME TO GET EXP TOOK: 0.000453
TIME TO SUM WEIGHTS TOOK: 0.000118
TIME TO NORMALIZE WEIGHTS TOOK: 0.000059
TIME TO MOVE OBJECT TOOK: 0.000127
XE: 64.500277
YE: 64.444012
0.668897
TIME TO CALC CUM SUM TOOK: 0.000341
TIME TO CALC U TOOK: 0.000284
SENDING TO GPU TOOK: 0.000741
CUDA EXEC TOOK: 0.010827
SENDING BACK FROM GPU TOOK: 0.001065
TIME TO CALC NEW ARRAY X AND Y TOOK: 0.012635
TIME TO RESET WEIGHTS TOOK: 0.000164
TIME TO SET ERROR TOOK: 0.006934
TIME TO GET LIKELIHOODS TOOK: 0.019731
TIME TO GET EXP TOOK: 0.000444
TIME TO SUM WEIGHTS TOOK: 0.000118
TIME TO NORMALIZE WEIGHTS TOOK: 0.000059
TIME TO MOVE OBJECT TOOK: 0.000119
XE: 62.513162
YE: 65.445792
2.073886
TIME TO CALC CUM SUM TOOK: 0.000119
TIME TO CALC U TOOK: 0.000059
SENDING TO GPU TOOK: 0.000517
CUDA EXEC TOOK: 0.010759
SENDING BACK FROM GPU TOOK: 0.000408
TIME TO CALC NEW ARRAY X AND Y TOOK: 0.011686
TIME TO RESET WEIGHTS TOOK: 0.000163
TIME TO SET ERROR TOOK: 0.007098
TIME TO GET LIKELIHOODS TOOK: 0.019728
TIME TO GET EXP TOOK: 0.000447
TIME TO SUM WEIGHTS TOOK: 0.000118
TIME TO NORMALIZE WEIGHTS TOOK: 0.000059
TIME TO MOVE OBJECT TOOK: 0.000118
XE: 60.498806
YE: 66.482888
4.292213
TIME TO CALC CUM SUM TOOK: 0.000119
TIME TO CALC U TOOK: 0.000059
SENDING TO GPU TOOK: 0.000489
CUDA EXEC TOOK: 0.010793
SENDING BACK FROM GPU TOOK: 0.000397
TIME TO CALC NEW ARRAY X AND Y TOOK: 0.011681
TIME TO RESET WEIGHTS TOOK: 0.000160
TIME TO SET ERROR TOOK: 0.007511
TIME TO GET LIKELIHOODS TOOK: 0.020767
TIME TO GET EXP TOOK: 0.000445
TIME TO SUM WEIGHTS TOOK: 0.000118
TIME TO NORMALIZE WEIGHTS TOOK: 0.000060
TIME TO MOVE OBJECT TOOK: 0.000118
XE: 58.520788
YE: 67.432962
6.465833
TIME TO CALC CUM SUM TOOK: 0.000119
TIME TO CALC U TOOK: 0.000059
SENDING TO GPU TOOK: 0.000511
CUDA EXEC TOOK: 0.010789
SENDING BACK FROM GPU TOOK: 0.000387
TIME TO CALC NEW ARRAY X AND Y TOOK: 0.011688
TIME TO RESET WEIGHTS TOOK: 0.000160
TIME TO SET ERROR TOOK: 0.007378
TIME TO GET LIKELIHOODS TOOK: 0.020026
TIME TO GET EXP TOOK: 0.000443
TIME TO SUM WEIGHTS TOOK: 0.000118
TIME TO NORMALIZE WEIGHTS TOOK: 0.000059
TIME TO MOVE OBJECT TOOK: 0.000118
XE: 56.508209
YE: 68.467994
8.722952
TIME TO CALC CUM SUM TOOK: 0.000119
TIME TO CALC U TOOK: 0.000060
SENDING TO GPU TOOK: 0.000477
CUDA EXEC TOOK: 0.010808
SENDING BACK FROM GPU TOOK: 0.000371
TIME TO CALC NEW ARRAY X AND Y TOOK: 0.011658
TIME TO RESET WEIGHTS TOOK: 0.000159
TIME TO SET ERROR TOOK: 0.006949
TIME TO GET LIKELIHOODS TOOK: 0.019916
TIME TO GET EXP TOOK: 0.000443
TIME TO SUM WEIGHTS TOOK: 0.000118
TIME TO NORMALIZE WEIGHTS TOOK: 0.000061
TIME TO MOVE OBJECT TOOK: 0.000118
XE: 54.509863
YE: 69.429654
10.933611
TIME TO CALC CUM SUM TOOK: 0.000120
TIME TO CALC U TOOK: 0.000059
SENDING TO GPU TOOK: 0.000464
CUDA EXEC TOOK: 0.010739
SENDING BACK FROM GPU TOOK: 0.000392
TIME TO CALC NEW ARRAY X AND Y TOOK: 0.011597
TIME TO RESET WEIGHTS TOOK: 0.000158
TIME TO SET ERROR TOOK: 0.007338
TIME TO GET LIKELIHOODS TOOK: 0.019729
TIME TO GET EXP TOOK: 0.000442
TIME TO SUM WEIGHTS TOOK: 0.000118
TIME TO NORMALIZE WEIGHTS TOOK: 0.000059
TIME TO MOVE OBJECT TOOK: 0.000118
XE: 52.500340
YE: 70.433435
13.176922
TIME TO CALC CUM SUM TOOK: 0.000120
TIME TO CALC U TOOK: 0.000059
SENDING TO GPU TOOK: 0.000462
CUDA EXEC TOOK: 0.010790
SENDING BACK FROM GPU TOOK: 0.000429
TIME TO CALC NEW ARRAY X AND Y TOOK: 0.011683
TIME TO RESET WEIGHTS TOOK: 0.000159
TIME TO SET ERROR TOOK: 0.006995
TIME TO GET LIKELIHOODS TOOK: 0.019730
TIME TO GET EXP TOOK: 0.000445
TIME TO SUM WEIGHTS TOOK: 0.000118
TIME TO NORMALIZE WEIGHTS TOOK: 0.000059
TIME TO MOVE OBJECT TOOK: 0.000118
XE: 50.524462
YE: 71.431912
15.389069
TIME TO CALC CUM SUM TOOK: 0.000119
TIME TO CALC U TOOK: 0.000059
SENDING TO GPU TOOK: 0.000470
CUDA EXEC TOOK: 0.010780
SENDING BACK FROM GPU TOOK: 0.000368
TIME TO CALC NEW ARRAY X AND Y TOOK: 0.011621
TIME TO RESET WEIGHTS TOOK: 0.000159
TIME TO SET ERROR TOOK: 0.007484
TIME TO GET LIKELIHOODS TOOK: 0.019734
TIME TO GET EXP TOOK: 0.000445
TIME TO SUM WEIGHTS TOOK: 0.000118
TIME TO NORMALIZE WEIGHTS TOOK: 0.000059
TIME TO MOVE OBJECT TOOK: 0.000118
XE: 48.531253
YE: 72.440427
17.621661
TIME TO CALC CUM SUM TOOK: 0.000119
TIME TO CALC U TOOK: 0.000059
SENDING TO GPU TOOK: 0.000465
CUDA EXEC TOOK: 0.010702
SENDING BACK FROM GPU TOOK: 0.000382
TIME TO CALC NEW ARRAY X AND Y TOOK: 0.011551
TIME TO RESET WEIGHTS TOOK: 0.000159
PARTICLE FILTER TOOK 0.549721
ENTIRE PROGRAM TOOK 0.559727
VIDEO SEQUENCE TOOK 0.009337
TIME TO SEND TO GPU: 0.000444
GPU Execution: 0.169111
FREE TIME: 0.000205
TIME TO SEND BACK: 0.001377
SEND ARRAY X BACK: 0.000515
SEND ARRAY Y BACK: 0.000476
SEND WEIGHTS BACK: 0.000181
XE: 48.525338
YE: 72.431527
17.622594
PARTICLE FILTER TOOK 0.352260
ENTIRE PROGRAM TOOK 0.361597
