thread block size of kernel = 128 
Configuration used: boxes1d = 100
Cuda error: Start: invalid argument.
thread block size of kernel = 128 
Configuration used: boxes1d = 100
Time spent in different stages of GPU_CUDA KERNEL:
 0.209848999977 s,  1.904263734818 % : GPU: SET DEVICE / DRIVER INIT
 0.005410000216 s,  0.049092762172 % : GPU MEM: ALO
 0.880190014839 s,  7.987237930298 % : GPU MEM: COPY IN
 9.172122001648 s, 83.231941223145 % : GPU: KERNEL
 0.742525994778 s,  6.738013267517 % : GPU MEM: COPY OUT
 0.009858000092 s,  0.089455902576 % : GPU MEM: FRE
Total time:
11.019954681396 s
thread block size of kernel = 128 
Configuration used: boxes1d = 100
Time spent in different stages of GPU_CUDA KERNEL:
 0.284745991230 s,  4.428709506989 % : GPU: SET DEVICE / DRIVER INIT
 0.005404999945 s,  0.084065005183 % : GPU MEM: ALO
 1.078084945679 s, 16.767663955688 % : GPU MEM: COPY IN
 4.618233203888 s, 71.828269958496 % : GPU: KERNEL
 0.438502013683 s,  6.820106506348 % : GPU MEM: COPY OUT
 0.004577000160 s,  0.071186959743 % : GPU MEM: FRE
Total time:
6.429547786713 s
thread block size of kernel = 128 
Configuration used: boxes1d = 100
Cuda error: Start: invalid argument.
thread block size of kernel = 128 
Configuration used: boxes1d = 100
Time spent in different stages of GPU_CUDA KERNEL:
 0.204703003168 s,  1.936737418175 % : GPU: SET DEVICE / DRIVER INIT
 0.005332000088 s,  0.050447154790 % : GPU MEM: ALO
 0.724483013153 s,  6.854483604431 % : GPU MEM: COPY IN
 9.161067962646 s, 86.674758911133 % : GPU: KERNEL
 0.464343011379 s,  4.393245220184 % : GPU MEM: COPY OUT
 0.009546999820 s,  0.090326145291 % : GPU MEM: FRE
Total time:
10.569476127625 s
thread block size of kernel = 128 
Configuration used: boxes1d = 100
Time spent in different stages of GPU_CUDA KERNEL:
 0.276562005281 s,  4.347519397736 % : GPU: SET DEVICE / DRIVER INIT
 0.008348000236 s,  0.131229490042 % : GPU MEM: ALO
 0.711634993553 s, 11.186811447144 % : GPU MEM: COPY IN
 4.618699073792 s, 72.605354309082 % : GPU: KERNEL
 0.740713000298 s, 11.643913269043 % : GPU MEM: COPY OUT
 0.005417999811 s,  0.085170261562 % : GPU MEM: FRE
Total time:
6.361374855042 s
thread block size of kernel = 128 
Configuration used: boxes1d = 100
Cuda error: Start: invalid argument.
thread block size of kernel = 128 
Configuration used: boxes1d = 100
Time spent in different stages of GPU_CUDA KERNEL:
 0.199210003018 s,  1.895156502724 % : GPU: SET DEVICE / DRIVER INIT
 0.005361999851 s,  0.051010638475 % : GPU MEM: ALO
 0.680122017860 s,  6.470245838165 % : GPU MEM: COPY IN
 9.157335281372 s, 87.117027282715 % : GPU: KERNEL
 0.459508985281 s,  4.371474742889 % : GPU MEM: COPY OUT
 0.009995000437 s,  0.095086038113 % : GPU MEM: FRE
Total time:
10.511532783508 s
thread block size of kernel = 128 
Configuration used: boxes1d = 100
Time spent in different stages of GPU_CUDA KERNEL:
 0.277579993010 s,  4.380636692047 % : GPU: SET DEVICE / DRIVER INIT
 0.005561999977 s,  0.087776862085 % : GPU MEM: ALO
 0.781845986843 s, 12.338725090027 % : GPU MEM: COPY IN
 4.618319034576 s, 72.884132385254 % : GPU: KERNEL
 0.648284018040 s, 10.230912208557 % : GPU MEM: COPY OUT
 0.004931000061 s,  0.077818714082 % : GPU MEM: FRE
Total time:
6.336522102356 s
thread block size of kernel = 128 
Configuration used: boxes1d = 100
Cuda error: Start: invalid argument.
thread block size of kernel = 128 
Configuration used: boxes1d = 100
Time spent in different stages of GPU_CUDA KERNEL:
 0.200461000204 s,  1.879780769348 % : GPU: SET DEVICE / DRIVER INIT
 0.005493999925 s,  0.051518827677 % : GPU MEM: ALO
 0.827463984489 s,  7.759369373322 % : GPU MEM: COPY IN
 9.155350685120 s, 85.852371215820 % : GPU: KERNEL
 0.465736001730 s,  4.367341041565 % : GPU MEM: COPY OUT
 0.009557000361 s,  0.089618749917 % : GPU MEM: FRE
Total time:
10.664063453674 s
thread block size of kernel = 128 
Configuration used: boxes1d = 100
Time spent in different stages of GPU_CUDA KERNEL:
 0.278690010309 s,  4.558413505554 % : GPU: SET DEVICE / DRIVER INIT
 0.005971999839 s,  0.097681455314 % : GPU MEM: ALO
 0.728286027908 s, 11.912262916565 % : GPU MEM: COPY IN
 4.617217063904 s, 75.521850585938 % : GPU: KERNEL
 0.478543996811 s,  7.827340126038 % : GPU MEM: COPY OUT
 0.005040999968 s,  0.082453489304 % : GPU MEM: FRE
Total time:
6.113749980927 s
thread block size of kernel = 128 
Configuration used: boxes1d = 100
Cuda error: Start: invalid argument.
thread block size of kernel = 128 
Configuration used: boxes1d = 100
Time spent in different stages of GPU_CUDA KERNEL:
 0.202971994877 s,  1.730746388435 % : GPU: SET DEVICE / DRIVER INIT
 0.005526999943 s,  0.047128841281 % : GPU MEM: ALO
 0.903293013573 s,  7.702397346497 % : GPU MEM: COPY IN
 9.202910423279 s, 78.473403930664 % : GPU: KERNEL
 1.403138995171 s, 11.964594841003 % : GPU MEM: COPY OUT
 0.009584999643 s,  0.081731490791 % : GPU MEM: FRE
Total time:
11.727425575256 s
thread block size of kernel = 128 
Configuration used: boxes1d = 100
Time spent in different stages of GPU_CUDA KERNEL:
 0.276670008898 s,  4.516076087952 % : GPU: SET DEVICE / DRIVER INIT
 0.005741000175 s,  0.093710169196 % : GPU MEM: ALO
 0.758814990520 s, 12.386115074158 % : GPU MEM: COPY IN
 4.618173122406 s, 75.382301330566 % : GPU: KERNEL
 0.462228000164 s,  7.544933795929 % : GPU MEM: COPY OUT
 0.004708999768 s,  0.076864868402 % : GPU MEM: FRE
Total time:
6.126336097717 s
thread block size of kernel = 128 
Configuration used: boxes1d = 100
Cuda error: Start: invalid argument.
thread block size of kernel = 128 
Configuration used: boxes1d = 100
Time spent in different stages of GPU_CUDA KERNEL:
 0.207881003618 s,  1.955793380737 % : GPU: SET DEVICE / DRIVER INIT
 0.006351000164 s,  0.059751700610 % : GPU MEM: ALO
 0.720357000828 s,  6.777287960052 % : GPU MEM: COPY IN
 9.195433616638 s, 86.512802124023 % : GPU: KERNEL
 0.487994998693 s,  4.591171741486 % : GPU MEM: COPY OUT
 0.010967999697 s,  0.103189527988 % : GPU MEM: FRE
Total time:
10.628986358643 s
thread block size of kernel = 128 
Configuration used: boxes1d = 100
Time spent in different stages of GPU_CUDA KERNEL:
 0.281262993813 s,  4.586426734924 % : GPU: SET DEVICE / DRIVER INIT
 0.006773999892 s,  0.110460512340 % : GPU MEM: ALO
 0.715485990047 s, 11.667102813721 % : GPU MEM: COPY IN
 4.617200851440 s, 75.290588378906 % : GPU: KERNEL
 0.506269991398 s,  8.255513191223 % : GPU MEM: COPY OUT
 0.005514000077 s,  0.089914277196 % : GPU MEM: FRE
Total time:
6.132507801056 s
