WG size of kernel = 16 X 16
Generate input matrix internally, size =2048
Creating matrix internally size=2048
Before LUD
Time consumed(ms): 23.468000
After LUD
>>>Verify<<<<
WG size of kernel = 16 X 16
Generate input matrix internally, size =2048
Creating matrix internally size=2048
Before LUD
Time consumed(ms): 15.026000
After LUD
>>>Verify<<<<
WG size of kernel = 16 X 16
Generate input matrix internally, size =2048
Creating matrix internally size=2048
Before LUD
Time consumed(ms): 11.724000
After LUD
>>>Verify<<<<
WG size of kernel = 16 X 16
Generate input matrix internally, size =2048
Creating matrix internally size=2048
Before LUD
Time consumed(ms): 23.418000
After LUD
>>>Verify<<<<
WG size of kernel = 16 X 16
Generate input matrix internally, size =2048
Creating matrix internally size=2048
Before LUD
Time consumed(ms): 14.646000
After LUD
>>>Verify<<<<
WG size of kernel = 16 X 16
Generate input matrix internally, size =2048
Creating matrix internally size=2048
Before LUD
Time consumed(ms): 11.475000
After LUD
>>>Verify<<<<
WG size of kernel = 16 X 16
Generate input matrix internally, size =2048
Creating matrix internally size=2048
Before LUD
Time consumed(ms): 23.417000
After LUD
>>>Verify<<<<
WG size of kernel = 16 X 16
Generate input matrix internally, size =2048
Creating matrix internally size=2048
Before LUD
Time consumed(ms): 14.727000
After LUD
>>>Verify<<<<
WG size of kernel = 16 X 16
Generate input matrix internally, size =2048
Creating matrix internally size=2048
Before LUD
Time consumed(ms): 11.394000
After LUD
>>>Verify<<<<
WG size of kernel = 16 X 16
Generate input matrix internally, size =2048
Creating matrix internally size=2048
Before LUD
Time consumed(ms): 23.473000
After LUD
>>>Verify<<<<
WG size of kernel = 16 X 16
Generate input matrix internally, size =2048
Creating matrix internally size=2048
Before LUD
Time consumed(ms): 14.940000
After LUD
>>>Verify<<<<
WG size of kernel = 16 X 16
Generate input matrix internally, size =2048
Creating matrix internally size=2048
Before LUD
Time consumed(ms): 11.363000
After LUD
>>>Verify<<<<
WG size of kernel = 16 X 16
Generate input matrix internally, size =2048
Creating matrix internally size=2048
Before LUD
Time consumed(ms): 23.631000
After LUD
>>>Verify<<<<
WG size of kernel = 16 X 16
Generate input matrix internally, size =2048
Creating matrix internally size=2048
Before LUD
Time consumed(ms): 15.033000
After LUD
>>>Verify<<<<
WG size of kernel = 16 X 16
Generate input matrix internally, size =2048
Creating matrix internally size=2048
Before LUD
Time consumed(ms): 11.720000
After LUD
>>>Verify<<<<
WG size of kernel = 16 X 16
Generate input matrix internally, size =2048
Creating matrix internally size=2048
Before LUD
Time consumed(ms): 23.682000
After LUD
>>>Verify<<<<
WG size of kernel = 16 X 16
Generate input matrix internally, size =2048
Creating matrix internally size=2048
Before LUD
Time consumed(ms): 15.011000
After LUD
>>>Verify<<<<
WG size of kernel = 16 X 16
Generate input matrix internally, size =2048
Creating matrix internally size=2048
Before LUD
Time consumed(ms): 23.787000
After LUD
>>>Verify<<<<
WG size of kernel = 16 X 16
Generate input matrix internally, size =2048
Creating matrix internally size=2048
Before LUD
Time consumed(ms): 15.141000
After LUD
>>>Verify<<<<
WG size of kernel = 16 X 16
Generate input matrix internally, size =2048
Creating matrix internally size=2048
Before LUD
Time consumed(ms): 11.752000
After LUD
>>>Verify<<<<
